[22:25:13] [INIT] KubeJS 2101.7.1-build.181; MC 2101 NeoForge
[22:25:13] [INIT] Loaded plugins:
[22:25:13] [INIT] - dev.latvian.mods.kubejs.BuiltinKubeJSPlugin
[22:25:13] [INIT] - dev.latvian.mods.kubejs.client.BuiltinKubeJSClientPlugin
[22:25:13] [INIT] - dev.latvian.mods.kubejs.integration.architectury.ArchitecturyIntegration
[22:25:13] [INIT] - com.klikli_dev.theurgykubejs.kubejs.TheurgyKubeJSPlugin
[22:25:13] [INIT] - dev.ftb.mods.ftbxmodcompat.neoforge.ftbquests.kubejs.FTBQuestsKubeJSPlugin
[22:25:13] [INIT] - dev.ftb.mods.ftbxmodcompat.neoforge.ftbchunks.kubejs.FTBChunksKubeJSPlugin
[22:25:13] [INIT] - dev.ftb.mods.ftbxmodcompat.neoforge.ftbteams.kubejs.FTBTeamsKubeJSPlugin
[22:25:13] [INIT] - dev.ftb.mods.ftbxmodcompat.neoforge.ftbfiltersystem.kubejs.FFSKubeJSPlugin
[22:25:13] [INIT] - com.klikli_dev.occultism_kubejs.KubeJSOccultismPlugin
[22:25:13] [INIT] - es.degrassi.mmreborn.common.integration.kubejs.MMRKubeJSPlugin
[22:25:13] [INIT] - es.degrassi.mmreborn.mekanism.common.integration.kubejs.MMRKubeJSPlugin
[22:25:13] [INIT] - com.glodblock.github.extendedae.xmod.kjs.KJSPlugin
[22:25:13] [INIT] - aztech.modern_industrialization.compat.kubejs.MIKubeJSPlugin
[22:25:13] [INFO] Loaded script client_scripts:Mekanism-Tooltips.js in 0.003 s
[22:25:13] [INFO] Loaded script client_scripts:RecipeViewer.js in 0.007 s
[22:25:13] [INFO] client_scripts:server_sync_banlist.js#6: Loaded Java class 'java.util.HashSet'
[22:25:13] [INFO] Loaded script client_scripts:server_sync_banlist.js in 0.007 s
[22:25:13] [INFO] Loaded script client_scripts:tooltips.js in 0.002 s
[22:25:13] [INFO] Loaded 4/4 KubeJS client scripts in 0.036 s with 0 errors and 0 warnings
[22:25:29] [INFO] Client resource reload complete!
[22:27:13] [INFO] Loaded Java class 'net.minecraft.world.item.DyeColor'
