[10:51:33] [INIT] KubeJS 2101.7.1-build.181; MC 2101 NeoForge
[10:51:33] [INIT] Loaded plugins:
[10:51:33] [INIT] - dev.latvian.mods.kubejs.BuiltinKubeJSPlugin
[10:51:33] [INIT] - dev.latvian.mods.kubejs.client.BuiltinKubeJSClientPlugin
[10:51:33] [INIT] - dev.latvian.mods.kubejs.integration.architectury.ArchitecturyIntegration
[10:51:33] [INIT] - com.klikli_dev.theurgykubejs.kubejs.TheurgyKubeJSPlugin
[10:51:33] [INIT] - dev.ftb.mods.ftbxmodcompat.neoforge.ftbquests.kubejs.FTBQuestsKubeJSPlugin
[10:51:33] [INIT] - dev.ftb.mods.ftbxmodcompat.neoforge.ftbchunks.kubejs.FTBChunksKubeJSPlugin
[10:51:33] [INIT] - dev.ftb.mods.ftbxmodcompat.neoforge.ftbteams.kubejs.FTBTeamsKubeJSPlugin
[10:51:33] [INIT] - dev.ftb.mods.ftbxmodcompat.neoforge.ftbfiltersystem.kubejs.FFSKubeJSPlugin
[10:51:33] [INIT] - com.klikli_dev.occultism_kubejs.KubeJSOccultismPlugin
[10:51:33] [INIT] - es.degrassi.mmreborn.common.integration.kubejs.MMRKubeJSPlugin
[10:51:33] [INIT] - es.degrassi.mmreborn.mekanism.common.integration.kubejs.MMRKubeJSPlugin
[10:51:33] [INIT] - com.glodblock.github.extendedae.xmod.kjs.KJSPlugin
[10:51:33] [INIT] - aztech.modern_industrialization.compat.kubejs.MIKubeJSPlugin
[10:51:33] [INIT] - ianm1647.expandeddelight.integration.kubejs.KubeJSExpandedDelight
[10:51:33] [INFO] server_scripts:banlist_script.js#9: Loaded Java class 'java.util.HashSet'
[10:51:33] [INFO] server_scripts:banlist_script.js#10: Loaded Java class 'java.util.ArrayList'
[10:51:33] [INFO] server_scripts:banlist_script.js#102: Loaded Java class 'net.minecraft.world.level.chunk.LevelChunk'
[10:51:33] [INFO] server_scripts:banlist_script.js#104: Loaded Java class 'java.util.concurrent.ConcurrentLinkedQueue'
[10:51:33] [INFO] Loaded script server_scripts:banlist_script.js in 0.002 s
[10:51:33] [INFO] Loaded script server_scripts:Tweaks/remove_recipes_from_banlist.js in 0.0 s
[10:51:33] [INFO] Loaded script server_scripts:modpack/atm_alloys.js in 0.001 s
[10:51:33] [INFO] Loaded script server_scripts:modpack/atm_alloy_tools.js in 0.0 s
[10:51:33] [INFO] Loaded script server_scripts:modpack/atm_star.js in 0.0 s
[10:51:33] [INFO] Loaded script server_scripts:modpack/atm_star_creative.js in 0.0 s
[10:51:33] [INFO] Loaded script server_scripts:modpack/att_items.js in 0.0 s
[10:51:33] [INFO] Loaded script server_scripts:modpack/miningDim.js in 0.001 s
[10:51:33] [INFO] Loaded script server_scripts:modpack/mini_portals.js in 0.0 s
[10:51:33] [INFO] Loaded script server_scripts:modpack/runic_multis/controllers.js in 0.001 s
[10:51:33] [INFO] Loaded script server_scripts:modpack/runic_multis/recipes/auto_forge.js in 0.0 s
[10:51:33] [INFO] Loaded script server_scripts:modpack/runic_multis/recipes/runic_crucible.js in 0.0 s
[10:51:33] [INFO] Loaded script server_scripts:modpack/runic_multis/recipes/runic_enchanter.js in 0.001 s
[10:51:33] [INFO] Loaded script server_scripts:modpack/runic_multis/recipes/star_altar.js in 0.0 s
[10:51:33] [INFO] Loaded script server_scripts:mods/Actually Additions/Crusher.js in 0.0 s
[10:51:33] [INFO] Loaded script server_scripts:mods/Actually Additions/Fluid_Fuels.js in 0.0 s
[10:51:33] [INFO] Loaded script server_scripts:mods/Actually Additions/Recipes.js in 0.0 s
[10:51:33] [INFO] Loaded script server_scripts:mods/AdditionalEnchantedMiner/Recipes.js in 0.0 s
[10:51:33] [INFO] Loaded script server_scripts:mods/Adorned/Tags.js in 0.0 s
[10:51:33] [INFO] Loaded script server_scripts:mods/AdvancedAE/Recipes.js in 0.0 s
[10:51:33] [INFO] Loaded script server_scripts:mods/Allthemodium/Recipes.js in 0.0 s
[10:51:33] [INFO] Loaded script server_scripts:mods/AllTheOres/Recipes.js in 0.0 s
[10:51:33] [INFO] Loaded script server_scripts:mods/AllTheOres/Tags.js in 0.0 s
[10:51:33] [INFO] Loaded script server_scripts:mods/AllTheTweaks/Recipes.js in 0.001 s
[10:51:33] [INFO] Loaded script server_scripts:mods/Apotheosis/adventure.js in 0.0 s
[10:51:33] [INFO] Loaded script server_scripts:mods/Applied Energistics/Recipes.js in 0.0 s
[10:51:33] [INFO] Loaded script server_scripts:mods/Aquaculture_2/tags.js in 0.0 s
[10:51:33] [INFO] Loaded script server_scripts:mods/Bibliocraft/Recipes.js in 0.0 s
[10:51:33] [INFO] Loaded script server_scripts:mods/Biomes Weve Gone/tags.js in 0.0 s
[10:51:33] [INFO] Loaded script server_scripts:mods/Building Gadgets/Recipes.js in 0.0 s
[10:51:33] [INFO] Loaded script server_scripts:mods/Building Gadgets/tags.js in 0.0 s
[10:51:33] [INFO] Loaded script server_scripts:mods/Bumblezone/Recipes.js in 0.0 s
[10:51:33] [INFO] Loaded script server_scripts:mods/Bumblezone/tags.js in 0.0 s
[10:51:33] [INFO] Loaded script server_scripts:mods/EnderIO/Recipes.js in 0.0 s
[10:51:33] [INFO] Loaded script server_scripts:mods/EnderIO/sagMill.js in 0.0 s
[10:51:33] [INFO] Loaded script server_scripts:mods/enderman overhaul/recipes.js in 0.0 s
[10:51:33] [INFO] Loaded script server_scripts:mods/Entangled/Recipes.js in 0.0 s
[10:51:33] [INFO] Loaded script server_scripts:mods/Eternal Starlight/Recipes.js in 0.0 s
[10:51:33] [INFO] Loaded script server_scripts:mods/Evilcraft/tags.js in 0.001 s
[10:51:33] [INFO] Loaded script server_scripts:mods/Explorer's Compass/Recipes.js in 0.0 s
[10:51:33] [INFO] Loaded script server_scripts:mods/ExtendedAE/InfinityCellRecipes.js in 0.0 s
[10:51:33] [INFO] Loaded script server_scripts:mods/Extra Disks/Recipes.js in 0.0 s
[10:51:33] [INFO] Loaded script server_scripts:mods/ExtremeReactors/Recipes.js in 0.0 s
[10:51:33] [INFO] Loaded script server_scripts:mods/ForbiddenArcanus/Hephaestus_Forge.js in 0.0 s
[10:51:33] [INFO] Loaded script server_scripts:mods/ForbiddenArcanus/Recipes.js in 0.0 s
[10:51:33] [INFO] Loaded script server_scripts:mods/Handcrafted/Recipes.js in 0.0 s
[10:51:33] [INFO] Loaded script server_scripts:mods/Hostile Neural Networks/Recipes.js in 0.0 s
[10:51:33] [INFO] Loaded script server_scripts:mods/Immersive Engineering/Compatibility.js in 0.0 s
[10:51:33] [INFO] Loaded script server_scripts:mods/Immersive Engineering/Crusher.js in 0.0 s
[10:51:33] [INFO] Loaded script server_scripts:mods/Indusrial Foregoing/Dissolution Chamber.js in 0.0 s
[10:51:33] [INFO] Loaded script server_scripts:mods/JustDireThings/Recipes.js in 0.0 s
[10:51:33] [INFO] Loaded script server_scripts:mods/Laser Bridges & Doors/Recipes.js in 0.0 s
[10:51:33] [INFO] Loaded script server_scripts:mods/Mega Cells/Recipes.js in 0.0 s
[10:51:33] [INFO] Loaded script server_scripts:mods/Mekanism/Compatibility.js in 0.0 s
[10:51:33] [INFO] Loaded script server_scripts:mods/Mekanism/ore_processing.js in 0.001 s
[10:51:33] [INFO] Loaded script server_scripts:mods/Mekanism/Rebalance/Gear.js in 0.0 s
[10:51:33] [INFO] Loaded script server_scripts:mods/Mekanism/Rebalance/Items.js in 0.0 s
[10:51:33] [INFO] Loaded script server_scripts:mods/Mekanism/Rebalance/Units.js in 0.0 s
[10:51:33] [INFO] Loaded script server_scripts:mods/Mekanism/Recipes.js in 0.0 s
[10:51:33] [INFO] Loaded script server_scripts:mods/mifa/recipes.js in 0.0 s
[10:51:33] [INFO] Loaded script server_scripts:mods/Minecolonies/Recipes.js in 0.0 s
[10:51:33] [INFO] Loaded script server_scripts:mods/Minecolonies/tags.js in 0.0 s
[10:51:33] [INFO] Loaded script server_scripts:mods/minecraft/recipes.js in 0.0 s
[10:51:33] [INFO] Loaded script server_scripts:mods/minecraft/tags.js in 0.0 s
[10:51:33] [INFO] Loaded script server_scripts:mods/Mining Gadgets/Recipes.js in 0.001 s
[10:51:33] [INFO] Loaded script server_scripts:mods/Modern Industrialization/Aluminum.js in 0.0 s
[10:51:33] [INFO] Loaded script server_scripts:mods/Modern Industrialization/Cobble_Gen.js in 0.0 s
[10:51:33] [INFO] Loaded script server_scripts:mods/Modern Industrialization/Electric_Blast_Furnace.js in 0.0 s
[10:51:33] [INFO] Loaded script server_scripts:mods/Modern Industrialization/Quarry.js in 0.0 s
[10:51:33] [INFO] Loaded script server_scripts:mods/Modern Industrialization/Replicator.js in 0.001 s
[10:51:33] [INFO] Loaded script server_scripts:mods/Modern Industrialization/Vacuum Freezer.js in 0.0 s
[10:51:33] [INFO] Loaded script server_scripts:mods/modular_machinery/multiblocks/atm/auto_hephaestus_forge.js in 0.0 s
[10:51:33] [INFO] Loaded script server_scripts:mods/modular_machinery/multiblocks/atm/runic_crucible.js in 0.0 s
[10:51:33] [INFO] Loaded script server_scripts:mods/modular_machinery/multiblocks/atm/runic_enchanter.js in 0.0 s
[10:51:33] [INFO] Loaded script server_scripts:mods/modular_machinery/multiblocks/atm/runic_star_altar.js in 0.0 s
[10:51:33] [INFO] Loaded script server_scripts:mods/modular_machinery/multiblocks/mekanism/chemical_crystallizer.js in 0.0 s
[10:51:33] [INFO] Loaded script server_scripts:mods/modular_machinery/multiblocks/mekanism/chemical_dissolution_chamber.js in 0.0 s
[10:51:33] [INFO] Loaded script server_scripts:mods/modular_machinery/multiblocks/mekanism/chemical_infuser.js in 0.0 s
[10:51:33] [INFO] Loaded script server_scripts:mods/modular_machinery/multiblocks/mekanism/chemical_oxidizer.js in 0.0 s
[10:51:33] [INFO] Loaded script server_scripts:mods/modular_machinery/multiblocks/mekanism/chemical_washer.js in 0.0 s
[10:51:33] [INFO] Loaded script server_scripts:mods/modular_machinery/multiblocks/mekanism/electrolytic_seperator.js in 0.0 s
[10:51:33] [INFO] Loaded script server_scripts:mods/modular_machinery/multiblocks/mekanism/isotopic_centrifuge.js in 0.0 s
[10:51:33] [INFO] Loaded script server_scripts:mods/modular_machinery/multiblocks/mekanism/pressurized_reaction_chamber.js in 0.0 s
[10:51:33] [INFO] Loaded script server_scripts:mods/modular_machinery/multiblocks/mekanism/solar_neutron_activator.js in 0.0 s
[10:51:33] [INFO] Loaded script server_scripts:mods/modular_machinery/recipes/atm/auto_hephaestus_forge.js in 0.0 s
[10:51:33] [INFO] Loaded script server_scripts:mods/modular_machinery/recipes/atm/general.js in 0.0 s
[10:51:33] [INFO] Loaded script server_scripts:mods/modular_machinery/recipes/atm/multiblock_parts.js in 0.0 s
[10:51:33] [INFO] Loaded script server_scripts:mods/modular_machinery/recipes/atm/runic_crucible.js in 0.0 s
[10:51:33] [INFO] Loaded script server_scripts:mods/modular_machinery/recipes/atm/runic_enchanter.js in 0.001 s
[10:51:33] [INFO] Loaded script server_scripts:mods/modular_machinery/recipes/mekanism/chemical_crystallizer.js in 0.0 s
[10:51:33] [INFO] Loaded script server_scripts:mods/modular_machinery/recipes/mekanism/chemical_dissolution_chamber.js in 0.0 s
[10:51:33] [INFO] Loaded script server_scripts:mods/modular_machinery/recipes/mekanism/chemical_infuser.js in 0.0 s
[10:51:33] [INFO] Loaded script server_scripts:mods/modular_machinery/recipes/mekanism/chemical_oxidizer.js in 0.0 s
[10:51:33] [INFO] Loaded script server_scripts:mods/modular_machinery/recipes/mekanism/chemical_washer.js in 0.0 s
[10:51:33] [INFO] Loaded script server_scripts:mods/modular_machinery/recipes/mekanism/controllers.js in 0.001 s
[10:51:33] [INFO] Loaded script server_scripts:mods/modular_machinery/recipes/mekanism/electrolytic_seperator.js in 0.0 s
[10:51:33] [INFO] Loaded script server_scripts:mods/modular_machinery/recipes/mekanism/isotopic_centrifuge.js in 0.0 s
[10:51:33] [INFO] Loaded script server_scripts:mods/modular_machinery/recipes/mekanism/pressurized_reaction_chamber.js in 0.0 s
[10:51:33] [INFO] Loaded script server_scripts:mods/modular_machinery/recipes/mekanism/solar_neutron_activator.js in 0.0 s
[10:51:33] [INFO] Loaded script server_scripts:mods/MysticalAgriculture/AwakenedEssenceCrafting.js in 0.0 s
[10:51:33] [INFO] Loaded script server_scripts:mods/MysticalAgriculture/Compatibility.js in 0.0 s
[10:51:33] [INFO] server_scripts:mods/MysticalAgriculture/Crops.js#4: Loaded Java class 'com.blakebr0.mysticalagriculture.registry.CropRegistry'
[10:51:33] [INFO] server_scripts:mods/MysticalAgriculture/Crops.js#5: Loaded Java class 'java.util.Objects'
[10:51:33] [INFO] Loaded script server_scripts:mods/MysticalAgriculture/Crops.js in 0.001 s
[10:51:33] [INFO] Loaded script server_scripts:mods/MysticalAgriculture/FusionCrafting.js in 0.0 s
[10:51:33] [INFO] Loaded script server_scripts:mods/MysticalAgriculture/Recipes.js in 0.001 s
[10:51:33] [INFO] Loaded script server_scripts:mods/MysticalAgriculture/Tags.js in 0.0 s
[10:51:33] [INFO] Loaded script server_scripts:mods/Occultism/Recipes.js in 0.0 s
[10:51:33] [INFO] Loaded script server_scripts:mods/Pneumaticcraft/recipes.js in 0.0 s
[10:51:33] [INFO] Loaded script server_scripts:mods/Pneumaticcraft/tags.js in 0.0 s
[10:51:33] [INFO] Loaded script server_scripts:mods/Potionsmaster/potionsmaster_recipes.js in 0.0 s
[10:51:33] [INFO] Loaded script server_scripts:mods/Potionsmaster/tags.js in 0.0 s
[10:51:33] [INFO] Loaded script server_scripts:mods/Powah/Energizing.js in 0.0 s
[10:51:33] [INFO] Loaded script server_scripts:mods/Powah/tags.js in 0.0 s
[10:51:33] [INFO] Loaded script server_scripts:mods/Productive Bees/Recipes.js in 0.0 s
[10:51:33] [INFO] Loaded script server_scripts:mods/Productive Bees/Tags.js in 0.0 s
[10:51:33] [INFO] Loaded script server_scripts:mods/Quarryplus/Recipes.js in 0.0 s
[10:51:33] [INFO] Loaded script server_scripts:mods/Regions Unexplored/Recipes.js in 0.0 s
[10:51:33] [INFO] Loaded script server_scripts:mods/Reliquary/Recipes.js in 0.0 s
[10:51:33] [INFO] Loaded script server_scripts:mods/rftools/Recipes.js in 0.0 s
[10:51:33] [INFO] Loaded script server_scripts:mods/Silent Gear/Recipes.js in 0.001 s
[10:51:33] [INFO] Loaded script server_scripts:mods/The Bumblezone/Tags.js in 0.0 s
[10:51:33] [INFO] Loaded script server_scripts:mods/Theurgy/liquefaction.js in 0.0 s
[10:51:33] [INFO] Loaded script server_scripts:mods/Theurgy/tags.js in 0.0 s
[10:51:33] [INFO] Loaded script server_scripts:mods/Time In A Bottle/Recipes.js in 0.001 s
[10:51:33] [INFO] Loaded script server_scripts:mods/Xycraft/Extractor.js in 0.0 s
[10:51:33] [INFO] Loaded script server_scripts:mods/Xycraft/tags.js in 0.0 s
[10:51:33] [INFO] Loaded script server_scripts:Tweaks/disable_biome_modifier.js in 0.0 s
[10:51:33] [INFO] Loaded script server_scripts:Tweaks/disable_loot_table.js in 0.0 s
[10:51:33] [INFO] Loaded script server_scripts:Tweaks/fix_death_bug.js in 0.0 s
[10:51:33] [INFO] Loaded script server_scripts:Tweaks/recipes.js in 0.0 s
[10:51:33] [INFO] Loaded script server_scripts:Tweaks/tags.js in 0.0 s
[10:51:33] [INFO] Loaded script server_scripts:Unification/coke.js in 0.0 s
[10:51:33] [INFO] Loaded script server_scripts:Unification/gears.js in 0.0 s
[10:51:33] [INFO] Loaded script server_scripts:Unification/ingots.js in 0.0 s
[10:51:33] [INFO] server_scripts:Unification/sawing.js#53: Loaded Java class 'java.util.stream.Collectors'
[10:51:33] [INFO] Loaded script server_scripts:Unification/sawing.js in 0.001 s
[10:51:33] [INFO] Loaded script server_scripts:Unification/tools.js in 0.0 s
[10:51:33] [INFO] Loaded 135/135 KubeJS server scripts in 0.07 s with 0 errors and 0 warnings
[10:51:33] [INFO] server_scripts:mods/Xycraft/tags.js#17: tag= c:ores/xychorium_light and item= xycraft_world:xychorium_ore_stone_light
[10:51:33] [INFO] server_scripts:mods/Xycraft/tags.js#17: tag= c:ores/xychorium_light and item= xycraft_world:xychorium_ore_deepslate_light
[10:51:33] [INFO] server_scripts:mods/Xycraft/tags.js#17: tag= c:ores/xychorium_light and item= xycraft_world:xychorium_ore_kivi_light
[10:51:33] [INFO] server_scripts:mods/Xycraft/tags.js#17: tag= c:ores/xychorium_dark and item= xycraft_world:xychorium_ore_stone_dark
[10:51:33] [INFO] server_scripts:mods/Xycraft/tags.js#17: tag= c:ores/xychorium_dark and item= xycraft_world:xychorium_ore_deepslate_dark
[10:51:33] [INFO] server_scripts:mods/Xycraft/tags.js#17: tag= c:ores/xychorium_dark and item= xycraft_world:xychorium_ore_kivi_dark
[10:51:33] [INFO] server_scripts:mods/Xycraft/tags.js#17: tag= c:ores/xychorium_red and item= xycraft_world:xychorium_ore_stone_red
[10:51:33] [INFO] server_scripts:mods/Xycraft/tags.js#17: tag= c:ores/xychorium_red and item= xycraft_world:xychorium_ore_deepslate_red
[10:51:33] [INFO] server_scripts:mods/Xycraft/tags.js#17: tag= c:ores/xychorium_red and item= xycraft_world:xychorium_ore_kivi_red
[10:51:33] [INFO] server_scripts:mods/Xycraft/tags.js#17: tag= c:ores/xychorium_green and item= xycraft_world:xychorium_ore_stone_green
[10:51:33] [INFO] server_scripts:mods/Xycraft/tags.js#17: tag= c:ores/xychorium_green and item= xycraft_world:xychorium_ore_deepslate_green
[10:51:33] [INFO] server_scripts:mods/Xycraft/tags.js#17: tag= c:ores/xychorium_green and item= xycraft_world:xychorium_ore_kivi_green
[10:51:33] [INFO] server_scripts:mods/Xycraft/tags.js#17: tag= c:ores/xychorium_blue and item= xycraft_world:xychorium_ore_stone_blue
[10:51:33] [INFO] server_scripts:mods/Xycraft/tags.js#17: tag= c:ores/xychorium_blue and item= xycraft_world:xychorium_ore_deepslate_blue
[10:51:33] [INFO] server_scripts:mods/Xycraft/tags.js#17: tag= c:ores/xychorium_blue and item= xycraft_world:xychorium_ore_kivi_blue
[10:51:33] [WARN] Due to the way Minecraft resource loading works, KubeJS' server.log may not contain everything that happened in your server scripts on initial world creation.
[10:51:33] [WARN] You can still see the full log (including past reloads) in your latest.log file.
[10:51:42] [INFO] Server resource reload complete!
