[21:09:36] [INIT] KubeJS 2101.7.1-build.181; MC 2101 NeoForge
[21:09:36] [INIT] Loaded plugins:
[21:09:36] [INIT] - dev.latvian.mods.kubejs.BuiltinKubeJSPlugin
[21:09:36] [INIT] - dev.latvian.mods.kubejs.client.BuiltinKubeJSClientPlugin
[21:09:36] [INIT] - dev.latvian.mods.kubejs.integration.architectury.ArchitecturyIntegration
[21:09:36] [INIT] - com.klikli_dev.theurgykubejs.kubejs.TheurgyKubeJSPlugin
[21:09:36] [INIT] - dev.ftb.mods.ftbxmodcompat.neoforge.ftbquests.kubejs.FTBQuestsKubeJSPlugin
[21:09:36] [INIT] - dev.ftb.mods.ftbxmodcompat.neoforge.ftbchunks.kubejs.FTBChunksKubeJSPlugin
[21:09:36] [INIT] - dev.ftb.mods.ftbxmodcompat.neoforge.ftbteams.kubejs.FTBTeamsKubeJSPlugin
[21:09:36] [INIT] - dev.ftb.mods.ftbxmodcompat.neoforge.ftbfiltersystem.kubejs.FFSKubeJSPlugin
[21:09:36] [INIT] - com.klikli_dev.occultism_kubejs.KubeJSOccultismPlugin
[21:09:36] [INIT] - es.degrassi.mmreborn.common.integration.kubejs.MMRKubeJSPlugin
[21:09:36] [INIT] - es.degrassi.mmreborn.mekanism.common.integration.kubejs.MMRKubeJSPlugin
[21:09:36] [INIT] - com.glodblock.github.extendedae.xmod.kjs.KJSPlugin
[21:09:36] [INIT] - aztech.modern_industrialization.compat.kubejs.MIKubeJSPlugin
[21:09:37] [INFO] Loaded script startup_scripts:Potionsmaster/potionsmaster.js in 0.12 s
[21:09:37] [INFO] Loaded script startup_scripts:Applied Energistics/Universal_Press.js in 0.0 s
[21:09:37] [INFO] startup_scripts:CustomAdditions.js#4: Loaded Java class 'net.minecraft.core.registries.BuiltInRegistries'
[21:09:37] [INFO] Loaded script startup_scripts:CustomAdditions.js in 0.01 s
[21:09:37] [INFO] Loaded script startup_scripts:ExtendedAE/InfinityCells.js in 0.006 s
[21:09:37] [INFO] startup_scripts:Mekanism/Compatibility.js#18: Loaded Java class 'mekanism.api.chemical.Chemical'
[21:09:37] [INFO] startup_scripts:Mekanism/Compatibility.js#19: Loaded Java class 'mekanism.api.chemical.ChemicalBuilder'
[21:09:37] [INFO] Loaded script startup_scripts:Mekanism/Compatibility.js in 0.012 s
[21:09:37] [INFO] Loaded script startup_scripts:Modern-Industrialization/atm_stuff.js in 0.001 s
[21:09:37] [INFO] Loaded script startup_scripts:Modern-Industrialization/multiblocks/auto_forge.js in 0.003 s
[21:09:37] [INFO] Loaded script startup_scripts:Modern-Industrialization/multiblocks/casing.js in 0.001 s
[21:09:37] [INFO] Loaded script startup_scripts:Modern-Industrialization/multiblocks/runic_crucible.js in 0.001 s
[21:09:37] [INFO] Loaded script startup_scripts:Modern-Industrialization/multiblocks/runic_enchanter.js in 0.001 s
[21:09:37] [INFO] Loaded script startup_scripts:Modern-Industrialization/multiblocks/runic_star_altar.js in 0.001 s
[21:09:38] [INFO] startup_scripts:Shrink/polylib_fix.js#1: Loaded Java class 'net.creeperhost.polylib.init.DataComps'
[21:09:38] [INFO] Loaded script startup_scripts:Shrink/polylib_fix.js in 0.001 s
[21:09:38] [INFO] Loaded script startup_scripts:Theurgy/SulfurAdditions.js in 0.001 s
[21:09:38] [INFO] Loaded script startup_scripts:Xycraft/Compatibility.js in 0.0 s
[21:09:38] [INFO] Loaded 14/14 KubeJS startup scripts in 1.534 s with 0 errors and 0 warnings
