[2025-05-22 22:21:15.931] [INFO] [dev.kostromdan.mods.crash_assistant.app.CrashAssistantApp]: CrashAssistantApp running: JVM args: [-XX:+UseSerialGC, -XX:MaxHeapFreeRatio=30, -XX:MinHeapFreeRatio=10, -XX:MaxGCPauseMillis=10000, -Xms8m, -Xmx512m]
[2025-05-22 22:21:15.934] [INFO] [dev.kostromdan.mods.crash_assistant.app.CrashAssistantApp]: CrashAssistantApp running: program args: [-jarPath, C:\Users\alexs\AppData\Roaming\gdlauncher_carbon\data\instances\All the Mods 10 - ATM10\instance\local\crash_assistant\8948_1747970470_app.jar, -parentPID, 8948, -parentStarted, 1747970470858, -platform, NEOFORGE, -loaderJarName, neoforge-21.1.172, -minecraftVersion, 1.21.1, -childProcessesPIDs, VU5ERUZJTkVE, -crashAssistantModJarPath, C:\Users\alexs\AppData\Roaming\gdlauncher_carbon\data\instances\All the Mods 10 - ATM10\instance\mods\CrashAssistant-neoforge-1.21.1-1.8.0.jar, -log4jApi, C:\Users\alexs\AppData\Roaming\gdlauncher_carbon\data\libraries\org\apache\logging\log4j\log4j-api\2.22.1\log4j-api-2.22.1.jar, -log4jCore, C:\Users\alexs\AppData\Roaming\gdlauncher_carbon\data\libraries\org\apache\logging\log4j\log4j-core\2.22.1\log4j-core-2.22.1.jar, -googleGson, C:\Users\alexs\AppData\Roaming\gdlauncher_carbon\data\libraries\com\google\code\gson\gson\2.10.1\gson-2.10.1.jar, -commonIo, C:\Users\alexs\AppData\Roaming\gdlauncher_carbon\data\libraries\commons-io\commons-io\2.15.1\commons-io-2.15.1.jar, -lwjglNatives, C:\Users\alexs\AppData\Roaming\gdlauncher_carbon\data\libraries\org\lwjgl\lwjgl\3.3.3\lwjgl-3.3.3-natives-windows-arm64.jar, -processor, AMD Ryzen 7 3700X 8-Core Processor             , -serialisedGPUs, VnVsa2FuIGNsYXNzZXMgb3IgbHdqZ2xOYXRpdmVzIG5vdCBmb3VuZCwgZmFsbGluZyBiYWNrIHRvIERpcmVjdFgKU3VjY2Vzc2Z1bGx5IGRldGVjdGVkIEdQVXMgdXNpbmcgRGlyZWN0WDoKSmF2YSB2ZXJzaW9uIGlzIDw9IDIxLiBVc2luZyBKTkkuCkRFRElDQVRFRCA6IE5WSURJQSBHZUZvcmNlIFJUWCAzMDkwCg==, -recursiveStart]
[2025-05-22 22:21:15.934] [INFO] [dev.kostromdan.mods.crash_assistant.app.CrashAssistantApp]: CrashAssistantApp running from: C:\Users\alexs\AppData\Roaming\gdlauncher_carbon\data\instances\All the Mods 10 - ATM10\instance
[2025-05-22 22:21:15.935] [INFO] [dev.kostromdan.mods.crash_assistant.app.CrashAssistantApp]: Parent PID: 8948
[2025-05-22 22:21:15.935] [INFO] [dev.kostromdan.mods.crash_assistant.app.CrashAssistantApp]: Parent started: 1747970470858
[2025-05-22 22:21:15.936] [INFO] [dev.kostromdan.mods.crash_assistant.app.CrashAssistantApp]: Platform: NEOFORGE
[2025-05-22 22:21:15.936] [INFO] [dev.kostromdan.mods.crash_assistant.app.CrashAssistantApp]: loaderJarName: neoforge-21.1.172
[2025-05-22 22:21:15.937] [INFO] [dev.kostromdan.mods.crash_assistant.app.CrashAssistantApp]: minecraftVersion: 1.21.1
[2025-05-22 22:21:15.937] [INFO] [dev.kostromdan.mods.crash_assistant.app.CrashAssistantApp]: childProcessesPIDs: UNDEFINED
[2025-05-22 22:21:15.937] [INFO] [dev.kostromdan.mods.crash_assistant.app.CrashAssistantApp]: crashAssistantJarName: CrashAssistant-neoforge-1.21.1-1.8.0.jar
[2025-05-22 22:21:15.940] [INFO] [dev.kostromdan.mods.crash_assistant.app.CrashAssistantApp]: Java path: C:\Users\alexs\AppData\Roaming\gdlauncher_carbon\data\managed_javas\zulu21.38.21-ca-jre21.0.5-win_x64\bin\java.exe
[2025-05-22 22:21:15.940] [INFO] [dev.kostromdan.mods.crash_assistant.app.CrashAssistantApp]: Java version: 21.0.5+11-LTS
[2025-05-22 22:21:15.940] [INFO] [dev.kostromdan.mods.crash_assistant.app.CrashAssistantApp]: Boot.serialisedGPUs:
Vulkan classes or lwjglNatives not found, falling back to DirectX
Successfully detected GPUs using DirectX:
Java version is <= 21. Using JNI.
DEDICATED : NVIDIA GeForce RTX 3090

[2025-05-22 22:21:15.952] [INFO] [dev.kostromdan.mods.crash_assistant.app.CrashAssistantApp]: CrashAssistantApp started successfully. Waiting for PID 8948 to stop.
[2025-05-22 22:22:10.080] [INFO] [dev.kostromdan.mods.crash_assistant.app.CrashAssistantApp]: Minecraft is running on renderer:
NVIDIA GeForce RTX 3090/PCIe/SSE2
[2025-05-22 22:32:12.115] [INFO] [dev.kostromdan.mods.crash_assistant.app.CrashAssistantApp]: PID "8948" is not alive or reused by another process. Minecraft JVM appears to have stopped.
[2025-05-22 22:32:12.144] [INFO] [dev.kostromdan.mods.crash_assistant.app.CrashAssistantApp]: Adding latest.log from C:\Users\alexs\AppData\Roaming\gdlauncher_carbon\data\instances\All the Mods 10 - ATM10\instance\logs\latest.log
[2025-05-22 22:32:12.197] [INFO] [dev.kostromdan.mods.crash_assistant.app.CrashAssistantApp]: Adding debug.log from C:\Users\alexs\AppData\Roaming\gdlauncher_carbon\data\instances\All the Mods 10 - ATM10\instance\logs\debug.log
[2025-05-22 22:32:12.201] [INFO] [dev.kostromdan.mods.crash_assistant.app.CrashAssistantApp]: Adding GDLauncher: main.log from C:\Users\alexs\AppData\Roaming\gdlauncher_carbon\data\instances\All the Mods 10 - ATM10\instance\..\..\..\..\main.log
[2025-05-22 22:32:12.203] [INFO] [dev.kostromdan.mods.crash_assistant.app.CrashAssistantApp]: Adding KubeJS: client.log from C:\Users\alexs\AppData\Roaming\gdlauncher_carbon\data\instances\All the Mods 10 - ATM10\instance\logs\kubejs\client.log
[2025-05-22 22:32:12.205] [INFO] [dev.kostromdan.mods.crash_assistant.app.CrashAssistantApp]: Adding KubeJS: server.log from C:\Users\alexs\AppData\Roaming\gdlauncher_carbon\data\instances\All the Mods 10 - ATM10\instance\logs\kubejs\server.log
[2025-05-22 22:32:12.206] [INFO] [dev.kostromdan.mods.crash_assistant.app.CrashAssistantApp]: Adding KubeJS: startup.log from C:\Users\alexs\AppData\Roaming\gdlauncher_carbon\data\instances\All the Mods 10 - ATM10\instance\logs\kubejs\startup.log
[2025-05-22 22:32:12.208] [INFO] [dev.kostromdan.mods.crash_assistant.app.CrashAssistantApp]: Adding crash_assistant_app.log from C:\Users\alexs\AppData\Roaming\gdlauncher_carbon\data\instances\All the Mods 10 - ATM10\instance\logs\crash_assistant\crash_assistant_app.log
[2025-05-22 22:32:12.208] [INFO] [dev.kostromdan.mods.crash_assistant.app.CrashAssistantApp]: Reached first tick of TitleScreen: true
[2025-05-22 22:32:12.209] [INFO] [dev.kostromdan.mods.crash_assistant.app.CrashAssistantApp]: Joined world successfully: true
[2025-05-22 22:32:12.209] [INFO] [dev.kostromdan.mods.crash_assistant.app.CrashAssistantApp]: Stop function of Minecraft fired: true
[2025-05-22 22:32:12.209] [INFO] [dev.kostromdan.mods.crash_assistant.app.CrashAssistantApp]: Seems like Minecraft finished normally. Trying to locate terminated processes and Exiting Crash Assistant app.
