[21:45:08.863] [INFO]: Loading config 'startup.json'.
[21:45:25.498] [INFO]: Loaded plugins: almostunified:neoforge, almostunified:common
[21:47:38.303] [WARN]: Reload detected. Reconstructing runtime.
[21:47:38.304] [INFO]: Loading config 'debug.json'.
[21:47:38.307] [INFO]: Loading config 'placeholders.json'.
[21:47:38.310] [INFO]: Loading config 'tags.json'.
[21:47:38.320] [WARN]: The following mods are used in unification settings, but are not loaded: [biggerreactors]
[21:47:38.329] [INFO]: [TagSubstitutions] Added items of replaced tags to substitute tag '#c:storage_blocks/uranium'. Added items: [bigreactors:yellorium_block]
[21:47:38.333] [INFO]: [TagSubstitutions] Added items of replaced tags to substitute tag '#c:storage_blocks/raw_uranium'. Added items: [bigreactors:raw_yellorium_block]
[21:47:38.333] [INFO]: [TagSubstitutions] Added items of replaced tags to substitute tag '#c:ingots/uranium'. Added items: [bigreactors:yellorium_ingot]
[21:47:38.333] [INFO]: [TagSubstitutions] Added items of replaced tags to substitute tag '#c:raw_materials/uranium'. Added items: [bigreactors:raw_yellorium]
[21:47:38.345] [ERROR]: forbidden_arcanus:stella_arcanum is bound to multiple stone variant tags: TagKey[minecraft:item / c:ores_in_ground/deepslate] and TagKey[minecraft:item / c:ores_in_ground/stone]
[21:47:38.345] [ERROR]: forbidden_arcanus:stella_arcanum is bound to multiple stone variant tags: TagKey[minecraft:block / c:ores_in_ground/stone] and TagKey[minecraft:block / c:ores_in_ground/deepslate]
[21:47:38.350] [INFO]: [AutoHiding] Hiding 3/4 items for tag '#c:storage_blocks/steel' -> [modern_industrialization:steel_block, mekanism:block_steel, immersiveengineering:storage_steel]
[21:47:38.350] [INFO]: [AutoHiding] Hiding 4/5 items for tag '#c:nuggets/copper' -> [immersiveengineering:nugget_copper, create:copper_nugget, modern_industrialization:copper_nugget, pneumaticcraft:copper_nugget]
[21:47:38.350] [INFO]: [AutoHiding] Hiding 1/2 items for tag '#c:clumps/lead' -> [mekanism:clump_lead]
[21:47:38.350] [INFO]: [AutoHiding] Hiding 2/3 items for tag '#c:raw_materials/aluminum' -> [xycraft_world:raw_aluminum, immersiveengineering:raw_aluminum]
[21:47:38.350] [INFO]: [AutoHiding] Hiding 3/7 items for tag '#c:ores/fluorite' -> [mekanism:deepslate_fluorite_ore, alltheores:other_fluorite_ore, mekanism:fluorite_ore]
[21:47:38.351] [INFO]: [AutoHiding] Hiding 1/2 items for tag '#c:nuggets/brass' -> [create:brass_nugget]
[21:47:38.351] [INFO]: [AutoHiding] Hiding 2/3 items for tag '#c:nuggets/bronze' -> [modern_industrialization:bronze_nugget, mekanism:nugget_bronze]
[21:47:38.351] [INFO]: [AutoHiding] Hiding 1/2 items for tag '#c:storage_blocks/raw_platinum' -> [modern_industrialization:raw_platinum_block]
[21:47:38.351] [INFO]: [AutoHiding] Hiding 3/4 items for tag '#c:raw_materials/lead' -> [mekanism:raw_lead, modern_industrialization:raw_lead, immersiveengineering:raw_lead]
[21:47:38.351] [INFO]: [AutoHiding] Hiding 2/3 items for tag '#c:nuggets/tin' -> [mekanism:nugget_tin, modern_industrialization:tin_nugget]
[21:47:38.351] [INFO]: [AutoHiding] Hiding 5/9 items for tag '#c:ores/sapphire' -> [silentgems:nether_sapphire_ore, silentgems:deepslate_sapphire_ore, silentgems:end_sapphire_ore, alltheores:other_sapphire_ore, silentgems:sapphire_ore]
[21:47:38.351] [INFO]: [AutoHiding] Hiding 1/2 items for tag '#c:shards/osmium' -> [mekanism:shard_osmium]
[21:47:38.351] [INFO]: [AutoHiding] Hiding 1/2 items for tag '#c:storage_blocks/peridot' -> [silentgems:peridot_block]
[21:47:38.351] [INFO]: [AutoHiding] Hiding 1/2 items for tag '#c:crystals/gold' -> [mekanism:crystal_gold]
[21:47:38.352] [INFO]: [AutoHiding] Hiding 1/2 items for tag '#c:crystals/uranium' -> [mekanism:crystal_uranium]
[21:47:38.352] [INFO]: [AutoHiding] Hiding 3/4 items for tag '#c:storage_blocks/raw_lead' -> [immersiveengineering:raw_block_lead, mekanism:block_raw_lead, modern_industrialization:raw_lead_block]
[21:47:38.353] [INFO]: [AutoHiding] Hiding 5/6 items for tag '#c:dusts/iron' -> [mekanism:dust_iron, modern_industrialization:iron_dust, occultism:iron_dust, enderio:powdered_iron, immersiveengineering:dust_iron]
[21:47:38.353] [INFO]: [AutoHiding] Hiding 1/2 items for tag '#c:dusts/osmium' -> [mekanism:dust_osmium]
[21:47:38.353] [INFO]: [AutoHiding] Hiding 2/3 items for tag '#c:rods/copper' -> [modern_industrialization:copper_rod, createaddition:copper_rod]
[21:47:38.353] [INFO]: [AutoHiding] Hiding 1/2 items for tag '#c:dusts/iridium' -> [modern_industrialization:iridium_dust]
[21:47:38.353] [INFO]: [AutoHiding] Hiding 3/4 items for tag '#c:gears/iron' -> [industrialforegoing:iron_gear, modern_industrialization:iron_gear, enderio:iron_gear]
[21:47:38.353] [INFO]: [AutoHiding] Hiding 1/2 items for tag '#c:plates/platinum' -> [modern_industrialization:platinum_plate]
[21:47:38.353] [INFO]: [AutoHiding] Hiding 4/6 items for tag '#c:ores/diamond' -> [undergarden:shiverstone_diamond_ore, deeperdarker:sculk_stone_diamond_ore, deeperdarker:gloomslate_diamond_ore, undergarden:depthrock_diamond_ore]
[21:47:38.353] [INFO]: [AutoHiding] Hiding 2/4 items for tag '#c:ores/copper' -> [deeperdarker:sculk_stone_copper_ore, deeperdarker:gloomslate_copper_ore]
[21:47:38.353] [INFO]: [AutoHiding] Hiding 1/2 items for tag '#c:dirty_dusts/gold' -> [mekanism:dirty_dust_gold]
[21:47:38.353] [INFO]: [AutoHiding] Hiding 4/5 items for tag '#c:ingots/steel' -> [mekanism:ingot_steel, immersiveengineering:ingot_steel, modern_industrialization:steel_ingot, mffs:steel_ingot]
[21:47:38.354] [INFO]: [AutoHiding] Hiding 1/2 items for tag '#c:plates/diamond' -> [modern_industrialization:diamond_plate]
[21:47:38.354] [INFO]: [AutoHiding] Hiding 4/5 items for tag '#c:storage_blocks/uranium' -> [immersiveengineering:storage_uranium, mekanism:block_uranium, modern_industrialization:uranium_block, bigreactors:yellorium_block]
[21:47:38.354] [INFO]: [AutoHiding] Hiding 3/4 items for tag '#c:nuggets/electrum' -> [modern_industrialization:electrum_nugget, immersiveengineering:nugget_electrum, createaddition:electrum_nugget]
[21:47:38.354] [INFO]: [AutoHiding] Hiding 1/2 items for tag '#c:plates/iridium' -> [modern_industrialization:iridium_plate]
[21:47:38.354] [INFO]: [AutoHiding] Hiding 1/2 items for tag '#c:rods/brass' -> [createaddition:brass_rod]
[21:47:38.354] [INFO]: [AutoHiding] Hiding 1/2 items for tag '#c:rods/netherite' -> [immersiveengineering:stick_netherite]
[21:47:38.354] [INFO]: [AutoHiding] Hiding 6/10 items for tag '#c:ores/aluminum' -> [xycraft_world:aluminum_ore_stone, xycraft_world:aluminum_ore_deepslate, alltheores:other_aluminum_ore, xycraft_world:aluminum_ore_kivi, immersiveengineering:deepslate_ore_aluminum, immersiveengineering:ore_aluminum]
[21:47:38.354] [INFO]: [AutoHiding] Hiding 4/5 items for tag '#c:ingots/uranium' -> [immersiveengineering:ingot_uranium, modern_industrialization:uranium_ingot, bigreactors:yellorium_ingot, mekanism:ingot_uranium]
[21:47:38.355] [INFO]: [AutoHiding] Hiding 1/2 items for tag '#c:crystals/tin' -> [mekanism:crystal_tin]
[21:47:38.355] [INFO]: [AutoHiding] Hiding 1/2 items for tag '#c:storage_blocks/iridium' -> [modern_industrialization:iridium_block]
[21:47:38.355] [INFO]: [AutoHiding] Hiding 1/2 items for tag '#c:dusts/constantan' -> [immersiveengineering:dust_constantan]
[21:47:38.355] [INFO]: [AutoHiding] Hiding 1/2 items for tag '#c:storage_blocks/raw_zinc' -> [create:raw_zinc_block]
[21:47:38.355] [INFO]: [AutoHiding] Hiding 4/5 items for tag '#c:plates/iron' -> [xycraft_machines:iron_sheet, modern_industrialization:iron_plate, create:iron_sheet, immersiveengineering:plate_iron]
[21:47:38.355] [INFO]: [AutoHiding] Hiding 1/2 items for tag '#c:storage_blocks/osmium' -> [mekanism:block_osmium]
[21:47:38.355] [INFO]: [AutoHiding] Hiding 3/7 items for tag '#c:ores/zinc' -> [create:deepslate_zinc_ore, alltheores:other_zinc_ore, create:zinc_ore]
[21:47:38.355] [INFO]: [AutoHiding] Hiding 1/2 items for tag '#c:nuggets/constantan' -> [immersiveengineering:nugget_constantan]
[21:47:38.355] [INFO]: [AutoHiding] Hiding 2/3 items for tag '#c:ingots/tin' -> [mekanism:ingot_tin, modern_industrialization:tin_ingot]
[21:47:38.355] [INFO]: [AutoHiding] Hiding 3/4 items for tag '#c:dusts/silver' -> [modern_industrialization:silver_dust, immersiveengineering:dust_silver, occultism:silver_dust]
[21:47:38.355] [INFO]: [AutoHiding] Hiding 2/3 items for tag '#c:storage_blocks/nickel' -> [modern_industrialization:nickel_block, immersiveengineering:storage_nickel]
[21:47:38.355] [INFO]: [AutoHiding] Hiding 3/4 items for tag '#c:ingots/lead' -> [immersiveengineering:ingot_lead, mekanism:ingot_lead, modern_industrialization:lead_ingot]
[21:47:38.356] [INFO]: [AutoHiding] Hiding 2/3 items for tag '#c:plates/steel' -> [immersiveengineering:plate_steel, modern_industrialization:steel_plate]
[21:47:38.356] [INFO]: [AutoHiding] Hiding 2/6 items for tag '#c:ores/platinum' -> [modern_industrialization:platinum_ore, alltheores:other_platinum_ore]
[21:47:38.356] [INFO]: [AutoHiding] Hiding 4/5 items for tag '#c:plates/gold' -> [create:golden_sheet, immersiveengineering:plate_gold, xycraft_machines:gold_sheet, modern_industrialization:gold_plate]
[21:47:38.356] [INFO]: [AutoHiding] Hiding 1/2 items for tag '#c:dirty_dusts/iron' -> [mekanism:dirty_dust_iron]
[21:47:38.356] [INFO]: [AutoHiding] Hiding 3/4 items for tag '#c:storage_blocks/silver' -> [occultism:silver_block, immersiveengineering:storage_silver, modern_industrialization:silver_block]
[21:47:38.356] [INFO]: [AutoHiding] Hiding 1/2 items for tag '#c:storage_blocks/ruby' -> [silentgems:ruby_block]
[21:47:38.356] [INFO]: [AutoHiding] Hiding 2/3 items for tag '#c:gems/peridot' -> [irons_jewelry:peridot, silentgems:peridot]
[21:47:38.356] [INFO]: [AutoHiding] Hiding 1/2 items for tag '#c:plates/tin' -> [modern_industrialization:tin_plate]
[21:47:38.357] [INFO]: [AutoHiding] Hiding 1/2 items for tag '#c:shards/uranium' -> [mekanism:shard_uranium]
[21:47:38.357] [INFO]: [AutoHiding] Hiding 1/2 items for tag '#c:crystals/iron' -> [mekanism:crystal_iron]
[21:47:38.357] [INFO]: [AutoHiding] Hiding 1/2 items for tag '#c:storage_blocks/platinum' -> [modern_industrialization:platinum_block]
[21:47:38.357] [INFO]: [AutoHiding] Hiding 1/2 items for tag '#c:ingots/osmium' -> [mekanism:ingot_osmium]
[21:47:38.357] [INFO]: [AutoHiding] Hiding 5/9 items for tag '#c:ores/nickel' -> [immersiveengineering:ore_nickel, alltheores:other_nickel_ore, modern_industrialization:deepslate_nickel_ore, immersiveengineering:deepslate_ore_nickel, modern_industrialization:nickel_ore]
[21:47:38.357] [INFO]: [AutoHiding] Hiding 3/6 items for tag '#c:ores/gold' -> [undergarden:depthrock_gold_ore, deeperdarker:gloomslate_gold_ore, deeperdarker:sculk_stone_gold_ore]
[21:47:38.357] [INFO]: [AutoHiding] Hiding 2/4 items for tag '#c:ores/lapis' -> [deeperdarker:gloomslate_lapis_ore, deeperdarker:sculk_stone_lapis_ore]
[21:47:38.357] [INFO]: [AutoHiding] Hiding 1/2 items for tag '#c:shards/gold' -> [mekanism:shard_gold]
[21:47:38.357] [INFO]: [AutoHiding] Hiding 1/2 items for tag '#c:dirty_dusts/tin' -> [mekanism:dirty_dust_tin]
[21:47:38.357] [INFO]: [AutoHiding] Hiding 3/4 items for tag '#c:raw_materials/silver' -> [immersiveengineering:raw_silver, occultism:raw_silver, modern_industrialization:raw_silver]
[21:47:38.357] [INFO]: [AutoHiding] Hiding 1/2 items for tag '#c:ingots/zinc' -> [create:zinc_ingot]
[21:47:38.357] [INFO]: [AutoHiding] Hiding 2/3 items for tag '#c:storage_blocks/bronze' -> [mekanism:block_bronze, modern_industrialization:bronze_block]
[21:47:38.357] [INFO]: [AutoHiding] Hiding 1/2 items for tag '#c:storage_blocks/raw_iridium' -> [modern_industrialization:raw_iridium_block]
[21:47:38.358] [INFO]: [AutoHiding] Hiding 5/9 items for tag '#c:ores/peridot' -> [silentgems:end_peridot_ore, silentgems:peridot_ore, silentgems:deepslate_peridot_ore, silentgems:nether_peridot_ore, alltheores:other_peridot_ore]
[21:47:38.358] [INFO]: [AutoHiding] Hiding 3/4 items for tag '#c:dusts/steel' -> [mekanism:dust_steel, immersiveengineering:dust_steel, modern_industrialization:steel_dust]
[21:47:38.358] [INFO]: [AutoHiding] Hiding 4/5 items for tag '#c:plates/copper' -> [modern_industrialization:copper_plate, create:copper_sheet, immersiveengineering:plate_copper, xycraft_machines:copper_sheet]
[21:47:38.358] [INFO]: [AutoHiding] Hiding 1/2 items for tag '#c:gears/steel' -> [modern_industrialization:steel_gear]
[21:47:38.358] [INFO]: [AutoHiding] Hiding 1/2 items for tag '#c:dusts/invar' -> [modern_industrialization:invar_dust]
[21:47:38.358] [INFO]: [AutoHiding] Hiding 3/4 items for tag '#c:dusts/obsidian' -> [enderio:powdered_obsidian, create:powdered_obsidian, occultism:obsidian_dust]
[21:47:38.358] [INFO]: [AutoHiding] Hiding 3/4 items for tag '#c:dusts/lead' -> [immersiveengineering:dust_lead, mekanism:dust_lead, modern_industrialization:lead_dust]
[21:47:38.358] [INFO]: [AutoHiding] Hiding 1/2 items for tag '#c:gears/invar' -> [modern_industrialization:invar_gear]
[21:47:38.359] [INFO]: [AutoHiding] Hiding 3/4 items for tag '#c:storage_blocks/aluminum' -> [xycraft_world:aluminum_storage, modern_industrialization:aluminum_block, immersiveengineering:storage_aluminum]
[21:47:38.359] [INFO]: [AutoHiding] Hiding 3/4 items for tag '#c:nuggets/aluminum' -> [modern_industrialization:aluminum_nugget, immersiveengineering:nugget_aluminum, xycraft_world:aluminum_nugget]
[21:47:38.359] [INFO]: [AutoHiding] Hiding 1/2 items for tag '#c:plates/invar' -> [modern_industrialization:invar_plate]
[21:47:38.359] [INFO]: [AutoHiding] Hiding 2/3 items for tag '#c:nuggets/nickel' -> [immersiveengineering:nugget_nickel, modern_industrialization:nickel_nugget]
[21:47:38.359] [INFO]: [AutoHiding] Hiding 1/2 items for tag '#c:rods/bronze' -> [modern_industrialization:bronze_rod]
[21:47:38.359] [INFO]: [AutoHiding] Hiding 1/2 items for tag '#c:dirty_dusts/osmium' -> [mekanism:dirty_dust_osmium]
[21:47:38.359] [INFO]: [AutoHiding] Hiding 1/2 items for tag '#c:nuggets/osmium' -> [mekanism:nugget_osmium]
[21:47:38.359] [INFO]: [AutoHiding] Hiding 3/4 items for tag '#c:ingots/bronze' -> [modern_industrialization:bronze_ingot, mekanism:ingot_bronze, silentgear:bronze_ingot]
[21:47:38.359] [INFO]: [AutoHiding] Hiding 4/6 items for tag '#c:ores/iron' -> [undergarden:shiverstone_iron_ore, undergarden:depthrock_iron_ore, deeperdarker:gloomslate_iron_ore, deeperdarker:sculk_stone_iron_ore]
[21:47:38.359] [INFO]: [AutoHiding] Hiding 8/12 items for tag '#c:ores/uranium' -> [modern_industrialization:deepslate_uranium_ore, bigreactors:yellorite_ore, alltheores:other_uranium_ore, mekanism:deepslate_uranium_ore, mekanism:uranium_ore, immersiveengineering:ore_uranium, modern_industrialization:uranium_ore, immersiveengineering:deepslate_ore_uranium]
[21:47:38.359] [INFO]: [AutoHiding] Hiding 1/2 items for tag '#c:shards/iron' -> [mekanism:shard_iron]
[21:47:38.359] [INFO]: [AutoHiding] Hiding 2/3 items for tag '#c:rods/steel' -> [modern_industrialization:steel_rod, immersiveengineering:stick_steel]
[21:47:38.360] [INFO]: [AutoHiding] Hiding 1/2 items for tag '#c:clumps/copper' -> [mekanism:clump_copper]
[21:47:38.360] [INFO]: [AutoHiding] Hiding 1/2 items for tag '#c:rods/electrum' -> [createaddition:electrum_rod]
[21:47:38.360] [INFO]: [AutoHiding] Hiding 1/2 items for tag '#c:nuggets/zinc' -> [create:zinc_nugget]
[21:47:38.360] [INFO]: [AutoHiding] Hiding 3/4 items for tag '#c:nuggets/uranium' -> [immersiveengineering:nugget_uranium, mekanism:nugget_uranium, modern_industrialization:uranium_nugget]
[21:47:38.360] [INFO]: [AutoHiding] Hiding 3/4 items for tag '#c:dusts/sulfur' -> [immersiveengineering:dust_sulfur, modern_industrialization:sulfur_dust, mekanism:dust_sulfur]
[21:47:38.360] [INFO]: [AutoHiding] Hiding 4/5 items for tag '#c:ingots/silver' -> [modern_industrialization:silver_ingot, silentgems:silver_ingot, occultism:silver_ingot, immersiveengineering:ingot_silver]
[21:47:38.360] [INFO]: [AutoHiding] Hiding 1/2 items for tag '#c:raw_materials/zinc' -> [create:raw_zinc]
[21:47:38.360] [INFO]: [AutoHiding] Hiding 3/4 items for tag '#c:nuggets/steel' -> [mekanism:nugget_steel, modern_industrialization:steel_nugget, immersiveengineering:nugget_steel]
[21:47:38.360] [INFO]: [AutoHiding] Hiding 3/4 items for tag '#c:dusts/tin' -> [mekanism:dust_tin, enderio:powdered_tin, modern_industrialization:tin_dust]
[21:47:38.360] [INFO]: [AutoHiding] Hiding 1/2 items for tag '#c:gears/diamond' -> [industrialforegoing:diamond_gear]
[21:47:38.361] [INFO]: [AutoHiding] Hiding 1/2 items for tag '#c:plates/brass' -> [create:brass_sheet]
[21:47:38.361] [INFO]: [AutoHiding] Hiding 3/4 items for tag '#c:dusts/lapis' -> [enderio:powdered_lapis_lazuli, modern_industrialization:lapis_dust, occultism:lapis_dust]
[21:47:38.361] [INFO]: [AutoHiding] Hiding 1/2 items for tag '#c:clumps/gold' -> [mekanism:clump_gold]
[21:47:38.361] [INFO]: [AutoHiding] Hiding 4/5 items for tag '#c:nuggets/silver' -> [occultism:silver_nugget, immersiveengineering:nugget_silver, modern_industrialization:silver_nugget, silentgems:silver_nugget]
[21:47:38.361] [INFO]: [AutoHiding] Hiding 3/4 items for tag '#c:storage_blocks/lead' -> [modern_industrialization:lead_block, immersiveengineering:storage_lead, mekanism:block_lead]
[21:47:38.361] [INFO]: [AutoHiding] Hiding 1/2 items for tag '#c:nuggets/platinum' -> [modern_industrialization:platinum_nugget]
[21:47:38.361] [INFO]: [AutoHiding] Hiding 1/2 items for tag '#c:raw_materials/osmium' -> [mekanism:raw_osmium]
[21:47:38.361] [INFO]: [AutoHiding] Hiding 3/4 items for tag '#c:nuggets/lead' -> [modern_industrialization:lead_nugget, mekanism:nugget_lead, immersiveengineering:nugget_lead]
[21:47:38.361] [INFO]: [AutoHiding] Hiding 1/2 items for tag '#c:rods/invar' -> [modern_industrialization:invar_rod]
[21:47:38.361] [INFO]: [AutoHiding] Hiding 2/3 items for tag '#c:raw_materials/tin' -> [mekanism:raw_tin, modern_industrialization:raw_tin]
[21:47:38.361] [INFO]: [AutoHiding] Hiding 2/3 items for tag '#c:ingots/nickel' -> [modern_industrialization:nickel_ingot, immersiveengineering:ingot_nickel]
[21:47:38.361] [INFO]: [AutoHiding] Hiding 1/2 items for tag '#c:crystals/lead' -> [mekanism:crystal_lead]
[21:47:38.361] [INFO]: [AutoHiding] Hiding 1/2 items for tag '#c:storage_blocks/raw_osmium' -> [mekanism:block_raw_osmium]
[21:47:38.361] [INFO]: [AutoHiding] Hiding 2/3 items for tag '#c:gems/sapphire' -> [silentgems:sapphire, irons_jewelry:sapphire]
[21:47:38.362] [INFO]: [AutoHiding] Hiding 2/3 items for tag '#c:silicon' -> [enderio:silicon, refinedstorage:silicon]
[21:47:38.362] [INFO]: [AutoHiding] Hiding 1/2 items for tag '#c:ingots/brass' -> [create:brass_ingot]
[21:47:38.362] [INFO]: [AutoHiding] Hiding 1/2 items for tag '#c:raw_materials/iridium' -> [modern_industrialization:raw_iridium]
[21:47:38.362] [INFO]: [AutoHiding] Hiding 2/3 items for tag '#c:rods/aluminum' -> [modern_industrialization:aluminum_rod, immersiveengineering:stick_aluminum]
[21:47:38.362] [INFO]: [AutoHiding] Hiding 1/2 items for tag '#c:storage_blocks/sapphire' -> [silentgems:sapphire_block]
[21:47:38.362] [INFO]: [AutoHiding] Hiding 5/9 items for tag '#c:ores/ruby' -> [silentgems:nether_ruby_ore, silentgems:ruby_ore, silentgems:end_ruby_ore, alltheores:other_ruby_ore, silentgems:deepslate_ruby_ore]
[21:47:38.362] [INFO]: [AutoHiding] Hiding 2/3 items for tag '#c:dusts/aluminum' -> [modern_industrialization:aluminum_dust, immersiveengineering:dust_aluminum]
[21:47:38.362] [INFO]: [AutoHiding] Hiding 1/2 items for tag '#c:dirty_dusts/lead' -> [mekanism:dirty_dust_lead]
[21:47:38.362] [INFO]: [AutoHiding] Hiding 1/2 items for tag '#c:storage_blocks/fluorite' -> [mekanism:block_fluorite]
[21:47:38.362] [INFO]: [AutoHiding] Hiding 1/2 items for tag '#c:dusts/ruby' -> [modern_industrialization:ruby_dust]
[21:47:38.362] [INFO]: [AutoHiding] Hiding 2/3 items for tag '#c:dusts/coal' -> [enderio:powdered_coal, modern_industrialization:coal_dust]
[21:47:38.363] [INFO]: [AutoHiding] Hiding 7/11 items for tag '#c:ores/silver' -> [silentgems:deepslate_silver_ore, occultism:silver_ore, immersiveengineering:ore_silver, silentgems:silver_ore, alltheores:other_silver_ore, immersiveengineering:deepslate_ore_silver, occultism:silver_ore_deepslate]
[21:47:38.363] [INFO]: [AutoHiding] Hiding 3/4 items for tag '#c:storage_blocks/raw_silver' -> [immersiveengineering:raw_block_silver, modern_industrialization:raw_silver_block, occultism:raw_silver_block]
[21:47:38.363] [INFO]: [AutoHiding] Hiding 5/9 items for tag '#c:ores/tin' -> [mekanism:tin_ore, alltheores:other_tin_ore, modern_industrialization:tin_ore, mekanism:deepslate_tin_ore, modern_industrialization:deepslate_tin_ore]
[21:47:38.363] [INFO]: [AutoHiding] Hiding 1/2 items for tag '#c:storage_blocks/brass' -> [create:brass_block]
[21:47:38.363] [INFO]: [AutoHiding] Hiding 3/4 items for tag '#c:plates/aluminum' -> [immersiveengineering:plate_aluminum, xycraft_machines:aluminum_sheet, modern_industrialization:aluminum_plate]
[21:47:38.363] [INFO]: [AutoHiding] Hiding 1/2 items for tag '#c:storage_blocks/sulfur' -> [modern_industrialization:sulfur_block]
[21:47:38.363] [INFO]: [AutoHiding] Hiding 2/3 items for tag '#c:gems/ruby' -> [silentgems:ruby, irons_jewelry:ruby]
[21:47:38.363] [INFO]: [AutoHiding] Hiding 4/5 items for tag '#c:rods/iron' -> [modern_industrialization:iron_rod, silentgear:iron_rod, createaddition:iron_rod, immersiveengineering:stick_iron]
[21:47:38.363] [INFO]: [AutoHiding] Hiding 1/2 items for tag '#c:crystals/osmium' -> [mekanism:crystal_osmium]
[21:47:38.364] [INFO]: [AutoHiding] Hiding 2/4 items for tag '#c:ores/emerald' -> [deeperdarker:sculk_stone_emerald_ore, deeperdarker:gloomslate_emerald_ore]
[21:47:38.364] [INFO]: [AutoHiding] Hiding 1/2 items for tag '#c:clumps/tin' -> [mekanism:clump_tin]
[21:47:38.364] [INFO]: [AutoHiding] Hiding 3/7 items for tag '#c:ores/osmium' -> [mekanism:deepslate_osmium_ore, mekanism:osmium_ore, alltheores:other_osmium_ore]
[21:47:38.364] [INFO]: [AutoHiding] Hiding 3/4 items for tag '#c:ingots/electrum' -> [createaddition:electrum_ingot, modern_industrialization:electrum_ingot, immersiveengineering:ingot_electrum]
[21:47:38.364] [INFO]: [AutoHiding] Hiding 2/3 items for tag '#c:dusts/bronze' -> [mekanism:dust_bronze, modern_industrialization:bronze_dust]
[21:47:38.364] [INFO]: [AutoHiding] Hiding 1/2 items for tag '#c:gears/copper' -> [modern_industrialization:copper_gear]
[21:47:38.364] [INFO]: [AutoHiding] Hiding 2/3 items for tag '#c:raw_materials/nickel' -> [modern_industrialization:raw_nickel, immersiveengineering:raw_nickel]
[21:47:38.364] [INFO]: [AutoHiding] Hiding 4/5 items for tag '#c:dusts/diamond' -> [appflux:diamond_dust, createaddition:diamond_grit, modern_industrialization:diamond_dust, mekanism:dust_diamond]
[21:47:38.364] [INFO]: [AutoHiding] Hiding 1/2 items for tag '#c:dusts/fluorite' -> [mekanism:dust_fluorite]
[21:47:38.364] [INFO]: [AutoHiding] Hiding 1/2 items for tag '#c:gears/bronze' -> [modern_industrialization:bronze_gear]
[21:47:38.364] [INFO]: [AutoHiding] Hiding 1/2 items for tag '#c:ingots/iridium' -> [modern_industrialization:iridium_ingot]
[21:47:38.364] [INFO]: [AutoHiding] Hiding 1/2 items for tag '#c:storage_blocks/invar' -> [modern_industrialization:invar_block]
[21:47:38.364] [INFO]: [AutoHiding] Hiding 2/3 items for tag '#c:dusts/electrum' -> [immersiveengineering:dust_electrum, modern_industrialization:electrum_dust]
[21:47:38.365] [INFO]: [AutoHiding] Hiding 1/2 items for tag '#c:ingots/constantan' -> [immersiveengineering:ingot_constantan]
[21:47:38.365] [INFO]: [AutoHiding] Hiding 1/2 items for tag '#c:gears/tin' -> [modern_industrialization:tin_gear]
[21:47:38.365] [INFO]: [AutoHiding] Hiding 1/2 items for tag '#c:nuggets/invar' -> [modern_industrialization:invar_nugget]
[21:47:38.365] [INFO]: [AutoHiding] Hiding 4/5 items for tag '#c:raw_materials/uranium' -> [modern_industrialization:raw_uranium, immersiveengineering:raw_uranium, bigreactors:raw_yellorium, mekanism:raw_uranium]
[21:47:38.365] [INFO]: [AutoHiding] Hiding 2/3 items for tag '#c:plates/lead' -> [modern_industrialization:lead_plate, immersiveengineering:plate_lead]
[21:47:38.365] [INFO]: [AutoHiding] Hiding 1/2 items for tag '#c:dusts/platinum' -> [modern_industrialization:platinum_dust]
[21:47:38.365] [INFO]: [AutoHiding] Hiding 1/2 items for tag '#c:shards/tin' -> [mekanism:shard_tin]
[21:47:38.365] [INFO]: [AutoHiding] Hiding 1/2 items for tag '#c:gears/netherite' -> [mifa:netherite_gear]
[21:47:38.365] [INFO]: [AutoHiding] Hiding 1/2 items for tag '#c:clumps/osmium' -> [mekanism:clump_osmium]
[21:47:38.365] [INFO]: [AutoHiding] Hiding 1/2 items for tag '#c:clumps/uranium' -> [mekanism:clump_uranium]
[21:47:38.365] [INFO]: [AutoHiding] Hiding 1/2 items for tag '#c:plates/constantan' -> [immersiveengineering:plate_constantan]
[21:47:38.365] [INFO]: [AutoHiding] Hiding 1/2 items for tag '#c:dirty_dusts/copper' -> [mekanism:dirty_dust_copper]
[21:47:38.365] [INFO]: [AutoHiding] Hiding 2/3 items for tag '#c:plates/nickel' -> [modern_industrialization:nickel_plate, immersiveengineering:plate_nickel]
[21:47:38.365] [INFO]: [AutoHiding] Hiding 1/2 items for tag '#c:clumps/iron' -> [mekanism:clump_iron]
[21:47:38.365] [INFO]: [AutoHiding] Hiding 5/6 items for tag '#c:dusts/copper' -> [enderio:powdered_copper, immersiveengineering:dust_copper, mekanism:dust_copper, modern_industrialization:copper_dust, occultism:copper_dust]
[21:47:38.365] [INFO]: [AutoHiding] Hiding 1/2 items for tag '#c:storage_blocks/charcoal' -> [justdirethings:charcoal]
[21:47:38.366] [INFO]: [AutoHiding] Hiding 2/3 items for tag '#c:dusts/nickel' -> [immersiveengineering:dust_nickel, modern_industrialization:nickel_dust]
[21:47:38.366] [INFO]: [AutoHiding] Hiding 2/3 items for tag '#c:gears/gold' -> [industrialforegoing:gold_gear, modern_industrialization:gold_gear]
[21:47:38.366] [INFO]: [AutoHiding] Hiding 1/2 items for tag '#c:shards/lead' -> [mekanism:shard_lead]
[21:47:38.366] [INFO]: [AutoHiding] Hiding 3/4 items for tag '#c:dusts/uranium' -> [immersiveengineering:dust_uranium, modern_industrialization:uranium_dust, mekanism:dust_uranium]
[21:47:38.366] [INFO]: [AutoHiding] Hiding 2/3 items for tag '#c:plates/silver' -> [modern_industrialization:silver_plate, immersiveengineering:plate_silver]
[21:47:38.366] [INFO]: [AutoHiding] Hiding 3/4 items for tag '#c:storage_blocks/electrum' -> [immersiveengineering:storage_electrum, modern_industrialization:electrum_block, createaddition:electrum_block]
[21:47:38.366] [INFO]: [AutoHiding] Hiding 7/11 items for tag '#c:ores/lead' -> [modern_industrialization:deepslate_lead_ore, mekanism:lead_ore, modern_industrialization:lead_ore, alltheores:other_lead_ore, immersiveengineering:ore_lead, immersiveengineering:deepslate_ore_lead, mekanism:deepslate_lead_ore]
[21:47:38.366] [INFO]: [AutoHiding] Hiding 3/4 items for tag '#c:dusts/emerald' -> [modern_industrialization:emerald_dust, occultism:emerald_dust, appflux:emerald_dust]
[21:47:38.366] [INFO]: [AutoHiding] Hiding 2/3 items for tag '#c:storage_blocks/tin' -> [modern_industrialization:tin_block, mekanism:block_tin]
[21:47:38.366] [INFO]: [AutoHiding] Hiding 3/4 items for tag '#c:ingots/aluminum' -> [immersiveengineering:ingot_aluminum, modern_industrialization:aluminum_ingot, xycraft_world:aluminum_ingot]
[21:47:38.366] [INFO]: [AutoHiding] Hiding 3/4 items for tag '#c:dusts/netherite' -> [occultism:netherite_dust, mekanism:dust_netherite, extended_industrialization:netherite_dust]
[21:47:38.366] [INFO]: [AutoHiding] Hiding 1/2 items for tag '#c:ingots/invar' -> [modern_industrialization:invar_ingot]
[21:47:38.366] [INFO]: [AutoHiding] Hiding 1/2 items for tag '#c:plates/uranium' -> [immersiveengineering:plate_uranium]
[21:47:38.366] [INFO]: [AutoHiding] Hiding 1/2 items for tag '#c:dirty_dusts/uranium' -> [mekanism:dirty_dust_uranium]
[21:47:38.366] [INFO]: [AutoHiding] Hiding 5/6 items for tag '#c:dusts/gold' -> [mekanism:dust_gold, occultism:gold_dust, enderio:powdered_gold, modern_industrialization:gold_dust, immersiveengineering:dust_gold]
[21:47:38.367] [INFO]: [AutoHiding] Hiding 1/2 items for tag '#c:plates/bronze' -> [modern_industrialization:bronze_plate]
[21:47:38.367] [INFO]: [AutoHiding] Hiding 1/2 items for tag '#c:storage_blocks/zinc' -> [create:zinc_block]
[21:47:38.367] [INFO]: [AutoHiding] Hiding 1/2 items for tag '#c:plates/zinc' -> [createaddition:zinc_sheet]
[21:47:38.367] [INFO]: [AutoHiding] Hiding 1/2 items for tag '#c:raw_materials/platinum' -> [modern_industrialization:raw_platinum]
[21:47:38.367] [INFO]: [AutoHiding] Hiding 1/2 items for tag '#c:gears/aluminum' -> [modern_industrialization:aluminum_gear]
[21:47:38.367] [INFO]: [AutoHiding] Hiding 2/3 items for tag '#c:storage_blocks/raw_aluminum' -> [immersiveengineering:raw_block_aluminum, xycraft_world:raw_aluminum_block]
[21:47:38.367] [INFO]: [AutoHiding] Hiding 6/8 items for tag '#c:ores/redstone' -> [eternal_starlight:haze_ice_redstone_ore, eternal_starlight:grimstone_redstone_ore, eternal_starlight:voidstone_redstone_ore, eternal_starlight:eternal_ice_redstone_ore, deeperdarker:sculk_stone_redstone_ore, deeperdarker:gloomslate_redstone_ore]
[21:47:38.367] [INFO]: [AutoHiding] Hiding 2/3 items for tag '#c:rods/gold' -> [createaddition:gold_rod, modern_industrialization:gold_rod]
[21:47:38.367] [INFO]: [AutoHiding] Hiding 2/3 items for tag '#c:storage_blocks/raw_tin' -> [modern_industrialization:raw_tin_block, mekanism:block_raw_tin]
[21:47:38.367] [INFO]: [AutoHiding] Hiding 4/5 items for tag '#c:storage_blocks/raw_uranium' -> [mekanism:block_raw_uranium, modern_industrialization:raw_uranium_block, immersiveengineering:raw_block_uranium, bigreactors:raw_yellorium_block]
[21:47:38.367] [INFO]: [AutoHiding] Hiding 1/2 items for tag '#c:crystals/copper' -> [mekanism:crystal_copper]
[21:47:38.367] [INFO]: [AutoHiding] Hiding 1/2 items for tag '#c:rods/tin' -> [modern_industrialization:tin_rod]
[21:47:38.368] [INFO]: [AutoHiding] Hiding 1/2 items for tag '#c:gems/fluorite' -> [mekanism:fluorite_gem]
[21:47:38.368] [INFO]: [AutoHiding] Hiding 1/2 items for tag '#c:ingots/platinum' -> [modern_industrialization:platinum_ingot]
[21:47:38.368] [INFO]: [AutoHiding] Hiding 3/4 items for tag '#c:plates/electrum' -> [immersiveengineering:plate_electrum, createaddition:electrum_sheet, modern_industrialization:electrum_plate]
[21:47:38.368] [INFO]: [AutoHiding] Hiding 1/2 items for tag '#c:dusts/ender_pearl' -> [enderio:powdered_ender_pearl]
[21:47:38.368] [INFO]: [AutoHiding] Hiding 1/2 items for tag '#c:rods/uranium' -> [modern_industrialization:uranium_rod]
[21:47:38.368] [INFO]: [AutoHiding] Hiding 2/3 items for tag '#c:storage_blocks/raw_nickel' -> [modern_industrialization:raw_nickel_block, immersiveengineering:raw_block_nickel]
[21:47:38.368] [INFO]: [AutoHiding] Hiding 1/2 items for tag '#c:shards/copper' -> [mekanism:shard_copper]
[21:47:38.368] [INFO]: [AutoHiding] Hiding 3/7 items for tag '#c:ores/iridium' -> [alltheores:other_iridium_ore, modern_industrialization:deepslate_iridium_ore, modern_industrialization:iridium_ore]
[21:47:38.368] [INFO]: [AutoHiding] Hiding 1/2 items for tag '#c:nuggets/iridium' -> [modern_industrialization:iridium_nugget]
[21:47:38.368] [INFO]: [AutoHiding] Hiding 1/2 items for tag '#c:storage_blocks/constantan' -> [immersiveengineering:storage_constantan]
[21:47:38.368] [INFO]: [AutoHiding] Hiding 4/6 items for tag '#c:ores/coal' -> [undergarden:depthrock_coal_ore, deeperdarker:gloomslate_coal_ore, undergarden:shiverstone_coal_ore, deeperdarker:sculk_stone_coal_ore]
[21:47:39.438] [INFO]: Loading config 'duplicates.json'.
[21:47:39.440] [INFO]: Recipe count: 66761
[21:47:39.445] [WARN]: Could not detect recipe type for recipe 'cataclysm:blasting/ancient_metal_nugget_from_blasting', skipping.
[21:47:39.445] [WARN]: Could not detect recipe type for recipe 'cataclysm:stonecutting/end_stone_pillar_from_stonecutting', skipping.
[21:47:39.449] [WARN]: Could not detect recipe type for recipe 'cataclysm:stonecutting/polished_end_stone_from_stonecutting', skipping.
[21:47:39.449] [WARN]: Could not detect recipe type for recipe 'farmersdelight:melon_juice', skipping.
[21:47:39.449] [WARN]: Could not detect recipe type for recipe 'cataclysm:stonecutting/obsidian_bricks_from_stonecutting', skipping.
[21:47:39.451] [WARN]: Could not detect recipe type for recipe 'cataclysm:stonecutting/stone_tile_wall_from_stonecutting', skipping.
[21:47:39.452] [WARN]: Could not detect recipe type for recipe 'cataclysm:stonecutting/chiseled_purpur_block_from_stonecutting', skipping.
[21:47:39.452] [WARN]: Could not detect recipe type for recipe 'cataclysm:stonecutting/obsidian_brick_wall_from_stonecutting', skipping.
[21:47:39.453] [WARN]: Could not detect recipe type for recipe 'cataclysm:stonecutting/polished_end_stone_stairs_from_stonecutting', skipping.
[21:47:39.456] [WARN]: Could not detect recipe type for recipe 'farmersrespite:brewing/melon_juice_from_water', skipping.
[21:47:39.457] [WARN]: Could not detect recipe type for recipe 'cataclysm:stonecutting/obsidian_brick_stairs_from_stonecutting', skipping.
[21:47:39.458] [WARN]: Could not detect recipe type for recipe 'cataclysm:stonecutting/stone_tile_slab_from_stonecutting', skipping.
[21:47:39.460] [WARN]: Could not detect recipe type for recipe 'cataclysm:stonecutting/purpur_wall_from_stonecutting', skipping.
[21:47:39.460] [WARN]: Could not detect recipe type for recipe 'cataclysm:stonecutting/chiseled_stone_brick_pillar_from_stonecutting', skipping.
[21:47:39.461] [WARN]: Could not detect recipe type for recipe 'cataclysm:stonecutting/chiseled_end_stone_bricks_from_stonecutting', skipping.
[21:47:39.461] [WARN]: Could not detect recipe type for recipe 'cataclysm:stonecutting/frosted_stone_brick_wall_from_stonecutting', skipping.
[21:47:39.462] [WARN]: Could not detect recipe type for recipe 'cataclysm:stonecutting/stone_tile_stairs_from_stonecutting', skipping.
[21:47:39.462] [WARN]: Could not detect recipe type for recipe 'cataclysm:stonecutting/quartz_brick_wall_from_stonecutting', skipping.
[21:47:39.462] [WARN]: Could not detect recipe type for recipe 'cataclysm:stonecutting/obsidian_brick_slab_from_stonecutting', skipping.
[21:47:39.464] [WARN]: Could not detect recipe type for recipe 'cataclysm:stonecutting/polished_end_stone_slab_from_stonecutting', skipping.
[21:47:39.466] [WARN]: Could not detect recipe type for recipe 'cataclysm:blasting/black_steel_nugget_from_blasting', skipping.
[21:47:39.466] [WARN]: Could not detect recipe type for recipe 'immersiveengineering:arc_recycling_list', skipping.
[21:47:39.467] [WARN]: Could not detect recipe type for recipe 'cataclysm:stonecutting/frosted_stone_brick_stairs_from_stonecutting', skipping.
[21:47:39.468] [WARN]: Could not detect recipe type for recipe 'cataclysm:stonecutting/chiseled_obsidian_bricks_from_stonecutting', skipping.
[21:47:39.469] [WARN]: Could not detect recipe type for recipe 'cataclysm:stonecutting/frosted_stone_brick_slab_from_stonecutting', skipping.
[21:47:39.469] [WARN]: Could not detect recipe type for recipe 'cataclysm:stonecutting/stone_tiles_from_stonecutting', skipping.
[21:47:39.470] [WARN]: Could not detect recipe type for recipe 'cataclysm:stonecutting/stone_pillar_from_stonecutting', skipping.
[21:47:40.071] [WARN]: Could not detect crafting recipe output for recipe 'supplementaries:sack_3'.
[21:47:40.714] [INFO]: Recipe count afterwards: 66066 (done in 1.275 s)
[21:47:53.731] [ERROR]: The following recipes were unified and threw exceptions when being loaded: [create:crushing/gloomslate_coal_ore, create:crushing/gloomslate_emerald_ore, create:crushing/sculk_stone_iron_ore, create:crushing/sculk_stone_emerald_ore, create:crushing/sculk_stone_gold_ore, create:crushing/gloomslate_iron_ore, create:crushing/sculk_stone_lapis_ore, create:crushing/sculk_stone_coal_ore, create:crushing/gloomslate_lapis_ore, create:crushing/gloomslate_redstone_ore, create:crushing/gloomslate_gold_ore, create:crushing/gloomslate_diamond_ore, create:crushing/sculk_stone_diamond_ore, create:crushing/sculk_stone_redstone_ore, create:crushing/sculk_stone_copper_ore, create:crushing/gloomslate_copper_ore]
[21:47:53.731] [WARN]: Try to add them to the ignore list and if the problem is gone, report it to the Almost Unified developers.
[00:16:07.612] [WARN]: Reload detected. Reconstructing runtime.
[00:16:07.612] [INFO]: Loading config 'debug.json'.
[00:16:07.613] [INFO]: Loading config 'placeholders.json'.
[00:16:07.613] [INFO]: Loading config 'tags.json'.
[00:16:07.614] [WARN]: The following mods are used in unification settings, but are not loaded: [biggerreactors]
[00:16:07.616] [INFO]: [TagSubstitutions] Added items of replaced tags to substitute tag '#c:storage_blocks/uranium'. Added items: [bigreactors:yellorium_block]
[00:16:07.616] [INFO]: [TagSubstitutions] Added items of replaced tags to substitute tag '#c:storage_blocks/raw_uranium'. Added items: [bigreactors:raw_yellorium_block]
[00:16:07.616] [INFO]: [TagSubstitutions] Added items of replaced tags to substitute tag '#c:ingots/uranium'. Added items: [bigreactors:yellorium_ingot]
[00:16:07.616] [INFO]: [TagSubstitutions] Added items of replaced tags to substitute tag '#c:raw_materials/uranium'. Added items: [bigreactors:raw_yellorium]
[00:16:07.618] [ERROR]: forbidden_arcanus:stella_arcanum is bound to multiple stone variant tags: TagKey[minecraft:item / c:ores_in_ground/deepslate] and TagKey[minecraft:item / c:ores_in_ground/stone]
[00:16:07.618] [ERROR]: forbidden_arcanus:stella_arcanum is bound to multiple stone variant tags: TagKey[minecraft:block / c:ores_in_ground/stone] and TagKey[minecraft:block / c:ores_in_ground/deepslate]
[00:16:07.619] [INFO]: [AutoHiding] Hiding 3/4 items for tag '#c:storage_blocks/steel' -> [modern_industrialization:steel_block, mekanism:block_steel, immersiveengineering:storage_steel]
[00:16:07.620] [INFO]: [AutoHiding] Hiding 4/5 items for tag '#c:nuggets/copper' -> [immersiveengineering:nugget_copper, create:copper_nugget, modern_industrialization:copper_nugget, pneumaticcraft:copper_nugget]
[00:16:07.620] [INFO]: [AutoHiding] Hiding 1/2 items for tag '#c:clumps/lead' -> [mekanism:clump_lead]
[00:16:07.620] [INFO]: [AutoHiding] Hiding 2/3 items for tag '#c:raw_materials/aluminum' -> [xycraft_world:raw_aluminum, immersiveengineering:raw_aluminum]
[00:16:07.620] [INFO]: [AutoHiding] Hiding 3/7 items for tag '#c:ores/fluorite' -> [mekanism:deepslate_fluorite_ore, alltheores:other_fluorite_ore, mekanism:fluorite_ore]
[00:16:07.620] [INFO]: [AutoHiding] Hiding 1/2 items for tag '#c:nuggets/brass' -> [create:brass_nugget]
[00:16:07.620] [INFO]: [AutoHiding] Hiding 2/3 items for tag '#c:nuggets/bronze' -> [modern_industrialization:bronze_nugget, mekanism:nugget_bronze]
[00:16:07.620] [INFO]: [AutoHiding] Hiding 1/2 items for tag '#c:storage_blocks/raw_platinum' -> [modern_industrialization:raw_platinum_block]
[00:16:07.620] [INFO]: [AutoHiding] Hiding 3/4 items for tag '#c:raw_materials/lead' -> [mekanism:raw_lead, modern_industrialization:raw_lead, immersiveengineering:raw_lead]
[00:16:07.621] [INFO]: [AutoHiding] Hiding 2/3 items for tag '#c:nuggets/tin' -> [mekanism:nugget_tin, modern_industrialization:tin_nugget]
[00:16:07.621] [INFO]: [AutoHiding] Hiding 5/9 items for tag '#c:ores/sapphire' -> [silentgems:nether_sapphire_ore, silentgems:deepslate_sapphire_ore, silentgems:end_sapphire_ore, alltheores:other_sapphire_ore, silentgems:sapphire_ore]
[00:16:07.621] [INFO]: [AutoHiding] Hiding 1/2 items for tag '#c:shards/osmium' -> [mekanism:shard_osmium]
[00:16:07.621] [INFO]: [AutoHiding] Hiding 1/2 items for tag '#c:storage_blocks/peridot' -> [silentgems:peridot_block]
[00:16:07.622] [INFO]: [AutoHiding] Hiding 1/2 items for tag '#c:crystals/gold' -> [mekanism:crystal_gold]
[00:16:07.622] [INFO]: [AutoHiding] Hiding 1/2 items for tag '#c:crystals/uranium' -> [mekanism:crystal_uranium]
[00:16:07.622] [INFO]: [AutoHiding] Hiding 3/4 items for tag '#c:storage_blocks/raw_lead' -> [immersiveengineering:raw_block_lead, mekanism:block_raw_lead, modern_industrialization:raw_lead_block]
[00:16:07.622] [INFO]: [AutoHiding] Hiding 5/6 items for tag '#c:dusts/iron' -> [mekanism:dust_iron, modern_industrialization:iron_dust, occultism:iron_dust, enderio:powdered_iron, immersiveengineering:dust_iron]
[00:16:07.622] [INFO]: [AutoHiding] Hiding 1/2 items for tag '#c:dusts/osmium' -> [mekanism:dust_osmium]
[00:16:07.622] [INFO]: [AutoHiding] Hiding 2/3 items for tag '#c:rods/copper' -> [modern_industrialization:copper_rod, createaddition:copper_rod]
[00:16:07.622] [INFO]: [AutoHiding] Hiding 1/2 items for tag '#c:dusts/iridium' -> [modern_industrialization:iridium_dust]
[00:16:07.622] [INFO]: [AutoHiding] Hiding 3/4 items for tag '#c:gears/iron' -> [industrialforegoing:iron_gear, modern_industrialization:iron_gear, enderio:iron_gear]
[00:16:07.623] [INFO]: [AutoHiding] Hiding 1/2 items for tag '#c:plates/platinum' -> [modern_industrialization:platinum_plate]
[00:16:07.623] [INFO]: [AutoHiding] Hiding 4/6 items for tag '#c:ores/diamond' -> [undergarden:shiverstone_diamond_ore, deeperdarker:sculk_stone_diamond_ore, deeperdarker:gloomslate_diamond_ore, undergarden:depthrock_diamond_ore]
[00:16:07.623] [INFO]: [AutoHiding] Hiding 2/4 items for tag '#c:ores/copper' -> [deeperdarker:sculk_stone_copper_ore, deeperdarker:gloomslate_copper_ore]
[00:16:07.623] [INFO]: [AutoHiding] Hiding 1/2 items for tag '#c:dirty_dusts/gold' -> [mekanism:dirty_dust_gold]
[00:16:07.623] [INFO]: [AutoHiding] Hiding 4/5 items for tag '#c:ingots/steel' -> [mekanism:ingot_steel, immersiveengineering:ingot_steel, modern_industrialization:steel_ingot, mffs:steel_ingot]
[00:16:07.623] [INFO]: [AutoHiding] Hiding 1/2 items for tag '#c:plates/diamond' -> [modern_industrialization:diamond_plate]
[00:16:07.623] [INFO]: [AutoHiding] Hiding 4/5 items for tag '#c:storage_blocks/uranium' -> [immersiveengineering:storage_uranium, mekanism:block_uranium, modern_industrialization:uranium_block, bigreactors:yellorium_block]
[00:16:07.623] [INFO]: [AutoHiding] Hiding 3/4 items for tag '#c:nuggets/electrum' -> [modern_industrialization:electrum_nugget, immersiveengineering:nugget_electrum, createaddition:electrum_nugget]
[00:16:07.623] [INFO]: [AutoHiding] Hiding 1/2 items for tag '#c:plates/iridium' -> [modern_industrialization:iridium_plate]
[00:16:07.624] [INFO]: [AutoHiding] Hiding 1/2 items for tag '#c:rods/brass' -> [createaddition:brass_rod]
[00:16:07.624] [INFO]: [AutoHiding] Hiding 1/2 items for tag '#c:rods/netherite' -> [immersiveengineering:stick_netherite]
[00:16:07.625] [INFO]: [AutoHiding] Hiding 6/10 items for tag '#c:ores/aluminum' -> [xycraft_world:aluminum_ore_stone, xycraft_world:aluminum_ore_deepslate, alltheores:other_aluminum_ore, xycraft_world:aluminum_ore_kivi, immersiveengineering:deepslate_ore_aluminum, immersiveengineering:ore_aluminum]
[00:16:07.625] [INFO]: [AutoHiding] Hiding 4/5 items for tag '#c:ingots/uranium' -> [immersiveengineering:ingot_uranium, modern_industrialization:uranium_ingot, bigreactors:yellorium_ingot, mekanism:ingot_uranium]
[00:16:07.625] [INFO]: [AutoHiding] Hiding 1/2 items for tag '#c:crystals/tin' -> [mekanism:crystal_tin]
[00:16:07.625] [INFO]: [AutoHiding] Hiding 1/2 items for tag '#c:storage_blocks/iridium' -> [modern_industrialization:iridium_block]
[00:16:07.625] [INFO]: [AutoHiding] Hiding 1/2 items for tag '#c:dusts/constantan' -> [immersiveengineering:dust_constantan]
[00:16:07.625] [INFO]: [AutoHiding] Hiding 1/2 items for tag '#c:storage_blocks/raw_zinc' -> [create:raw_zinc_block]
[00:16:07.625] [INFO]: [AutoHiding] Hiding 4/5 items for tag '#c:plates/iron' -> [xycraft_machines:iron_sheet, modern_industrialization:iron_plate, create:iron_sheet, immersiveengineering:plate_iron]
[00:16:07.625] [INFO]: [AutoHiding] Hiding 1/2 items for tag '#c:storage_blocks/osmium' -> [mekanism:block_osmium]
[00:16:07.625] [INFO]: [AutoHiding] Hiding 3/7 items for tag '#c:ores/zinc' -> [create:deepslate_zinc_ore, alltheores:other_zinc_ore, create:zinc_ore]
[00:16:07.625] [INFO]: [AutoHiding] Hiding 1/2 items for tag '#c:nuggets/constantan' -> [immersiveengineering:nugget_constantan]
[00:16:07.625] [INFO]: [AutoHiding] Hiding 2/3 items for tag '#c:ingots/tin' -> [mekanism:ingot_tin, modern_industrialization:tin_ingot]
[00:16:07.626] [INFO]: [AutoHiding] Hiding 3/4 items for tag '#c:dusts/silver' -> [modern_industrialization:silver_dust, immersiveengineering:dust_silver, occultism:silver_dust]
[00:16:07.626] [INFO]: [AutoHiding] Hiding 2/3 items for tag '#c:storage_blocks/nickel' -> [modern_industrialization:nickel_block, immersiveengineering:storage_nickel]
[00:16:07.626] [INFO]: [AutoHiding] Hiding 3/4 items for tag '#c:ingots/lead' -> [immersiveengineering:ingot_lead, mekanism:ingot_lead, modern_industrialization:lead_ingot]
[00:16:07.626] [INFO]: [AutoHiding] Hiding 2/3 items for tag '#c:plates/steel' -> [immersiveengineering:plate_steel, modern_industrialization:steel_plate]
[00:16:07.626] [INFO]: [AutoHiding] Hiding 2/6 items for tag '#c:ores/platinum' -> [modern_industrialization:platinum_ore, alltheores:other_platinum_ore]
[00:16:07.626] [INFO]: [AutoHiding] Hiding 4/5 items for tag '#c:plates/gold' -> [create:golden_sheet, immersiveengineering:plate_gold, xycraft_machines:gold_sheet, modern_industrialization:gold_plate]
[00:16:07.626] [INFO]: [AutoHiding] Hiding 1/2 items for tag '#c:dirty_dusts/iron' -> [mekanism:dirty_dust_iron]
[00:16:07.626] [INFO]: [AutoHiding] Hiding 3/4 items for tag '#c:storage_blocks/silver' -> [occultism:silver_block, immersiveengineering:storage_silver, modern_industrialization:silver_block]
[00:16:07.626] [INFO]: [AutoHiding] Hiding 1/2 items for tag '#c:storage_blocks/ruby' -> [silentgems:ruby_block]
[00:16:07.626] [INFO]: [AutoHiding] Hiding 2/3 items for tag '#c:gems/peridot' -> [irons_jewelry:peridot, silentgems:peridot]
[00:16:07.626] [INFO]: [AutoHiding] Hiding 1/2 items for tag '#c:plates/tin' -> [modern_industrialization:tin_plate]
[00:16:07.626] [INFO]: [AutoHiding] Hiding 1/2 items for tag '#c:shards/uranium' -> [mekanism:shard_uranium]
[00:16:07.626] [INFO]: [AutoHiding] Hiding 1/2 items for tag '#c:crystals/iron' -> [mekanism:crystal_iron]
[00:16:07.626] [INFO]: [AutoHiding] Hiding 1/2 items for tag '#c:storage_blocks/platinum' -> [modern_industrialization:platinum_block]
[00:16:07.626] [INFO]: [AutoHiding] Hiding 1/2 items for tag '#c:ingots/osmium' -> [mekanism:ingot_osmium]
[00:16:07.627] [INFO]: [AutoHiding] Hiding 5/9 items for tag '#c:ores/nickel' -> [immersiveengineering:ore_nickel, alltheores:other_nickel_ore, modern_industrialization:deepslate_nickel_ore, immersiveengineering:deepslate_ore_nickel, modern_industrialization:nickel_ore]
[00:16:07.627] [INFO]: [AutoHiding] Hiding 3/6 items for tag '#c:ores/gold' -> [undergarden:depthrock_gold_ore, deeperdarker:gloomslate_gold_ore, deeperdarker:sculk_stone_gold_ore]
[00:16:07.627] [INFO]: [AutoHiding] Hiding 2/4 items for tag '#c:ores/lapis' -> [deeperdarker:gloomslate_lapis_ore, deeperdarker:sculk_stone_lapis_ore]
[00:16:07.627] [INFO]: [AutoHiding] Hiding 1/2 items for tag '#c:shards/gold' -> [mekanism:shard_gold]
[00:16:07.627] [INFO]: [AutoHiding] Hiding 1/2 items for tag '#c:dirty_dusts/tin' -> [mekanism:dirty_dust_tin]
[00:16:07.627] [INFO]: [AutoHiding] Hiding 3/4 items for tag '#c:raw_materials/silver' -> [immersiveengineering:raw_silver, occultism:raw_silver, modern_industrialization:raw_silver]
[00:16:07.627] [INFO]: [AutoHiding] Hiding 1/2 items for tag '#c:ingots/zinc' -> [create:zinc_ingot]
[00:16:07.627] [INFO]: [AutoHiding] Hiding 2/3 items for tag '#c:storage_blocks/bronze' -> [mekanism:block_bronze, modern_industrialization:bronze_block]
[00:16:07.627] [INFO]: [AutoHiding] Hiding 1/2 items for tag '#c:storage_blocks/raw_iridium' -> [modern_industrialization:raw_iridium_block]
[00:16:07.627] [INFO]: [AutoHiding] Hiding 5/9 items for tag '#c:ores/peridot' -> [silentgems:end_peridot_ore, silentgems:peridot_ore, silentgems:deepslate_peridot_ore, silentgems:nether_peridot_ore, alltheores:other_peridot_ore]
[00:16:07.627] [INFO]: [AutoHiding] Hiding 3/4 items for tag '#c:dusts/steel' -> [mekanism:dust_steel, immersiveengineering:dust_steel, modern_industrialization:steel_dust]
[00:16:07.627] [INFO]: [AutoHiding] Hiding 4/5 items for tag '#c:plates/copper' -> [modern_industrialization:copper_plate, create:copper_sheet, immersiveengineering:plate_copper, xycraft_machines:copper_sheet]
[00:16:07.627] [INFO]: [AutoHiding] Hiding 1/2 items for tag '#c:gears/steel' -> [modern_industrialization:steel_gear]
[00:16:07.628] [INFO]: [AutoHiding] Hiding 1/2 items for tag '#c:dusts/invar' -> [modern_industrialization:invar_dust]
[00:16:07.628] [INFO]: [AutoHiding] Hiding 3/4 items for tag '#c:dusts/obsidian' -> [enderio:powdered_obsidian, create:powdered_obsidian, occultism:obsidian_dust]
[00:16:07.628] [INFO]: [AutoHiding] Hiding 3/4 items for tag '#c:dusts/lead' -> [immersiveengineering:dust_lead, mekanism:dust_lead, modern_industrialization:lead_dust]
[00:16:07.628] [INFO]: [AutoHiding] Hiding 1/2 items for tag '#c:gears/invar' -> [modern_industrialization:invar_gear]
[00:16:07.628] [INFO]: [AutoHiding] Hiding 3/4 items for tag '#c:storage_blocks/aluminum' -> [xycraft_world:aluminum_storage, modern_industrialization:aluminum_block, immersiveengineering:storage_aluminum]
[00:16:07.628] [INFO]: [AutoHiding] Hiding 3/4 items for tag '#c:nuggets/aluminum' -> [modern_industrialization:aluminum_nugget, immersiveengineering:nugget_aluminum, xycraft_world:aluminum_nugget]
[00:16:07.628] [INFO]: [AutoHiding] Hiding 1/2 items for tag '#c:plates/invar' -> [modern_industrialization:invar_plate]
[00:16:07.628] [INFO]: [AutoHiding] Hiding 2/3 items for tag '#c:nuggets/nickel' -> [immersiveengineering:nugget_nickel, modern_industrialization:nickel_nugget]
[00:16:07.628] [INFO]: [AutoHiding] Hiding 1/2 items for tag '#c:rods/bronze' -> [modern_industrialization:bronze_rod]
[00:16:07.628] [INFO]: [AutoHiding] Hiding 1/2 items for tag '#c:dirty_dusts/osmium' -> [mekanism:dirty_dust_osmium]
[00:16:07.628] [INFO]: [AutoHiding] Hiding 1/2 items for tag '#c:nuggets/osmium' -> [mekanism:nugget_osmium]
[00:16:07.628] [INFO]: [AutoHiding] Hiding 3/4 items for tag '#c:ingots/bronze' -> [modern_industrialization:bronze_ingot, mekanism:ingot_bronze, silentgear:bronze_ingot]
[00:16:07.628] [INFO]: [AutoHiding] Hiding 4/6 items for tag '#c:ores/iron' -> [undergarden:shiverstone_iron_ore, undergarden:depthrock_iron_ore, deeperdarker:gloomslate_iron_ore, deeperdarker:sculk_stone_iron_ore]
[00:16:07.628] [INFO]: [AutoHiding] Hiding 8/12 items for tag '#c:ores/uranium' -> [modern_industrialization:deepslate_uranium_ore, bigreactors:yellorite_ore, alltheores:other_uranium_ore, mekanism:deepslate_uranium_ore, mekanism:uranium_ore, immersiveengineering:ore_uranium, modern_industrialization:uranium_ore, immersiveengineering:deepslate_ore_uranium]
[00:16:07.628] [INFO]: [AutoHiding] Hiding 1/2 items for tag '#c:shards/iron' -> [mekanism:shard_iron]
[00:16:07.628] [INFO]: [AutoHiding] Hiding 2/3 items for tag '#c:rods/steel' -> [modern_industrialization:steel_rod, immersiveengineering:stick_steel]
[00:16:07.628] [INFO]: [AutoHiding] Hiding 1/2 items for tag '#c:clumps/copper' -> [mekanism:clump_copper]
[00:16:07.628] [INFO]: [AutoHiding] Hiding 1/2 items for tag '#c:rods/electrum' -> [createaddition:electrum_rod]
[00:16:07.628] [INFO]: [AutoHiding] Hiding 1/2 items for tag '#c:nuggets/zinc' -> [create:zinc_nugget]
[00:16:07.629] [INFO]: [AutoHiding] Hiding 3/4 items for tag '#c:nuggets/uranium' -> [immersiveengineering:nugget_uranium, mekanism:nugget_uranium, modern_industrialization:uranium_nugget]
[00:16:07.629] [INFO]: [AutoHiding] Hiding 3/4 items for tag '#c:dusts/sulfur' -> [immersiveengineering:dust_sulfur, modern_industrialization:sulfur_dust, mekanism:dust_sulfur]
[00:16:07.629] [INFO]: [AutoHiding] Hiding 4/5 items for tag '#c:ingots/silver' -> [modern_industrialization:silver_ingot, silentgems:silver_ingot, occultism:silver_ingot, immersiveengineering:ingot_silver]
[00:16:07.629] [INFO]: [AutoHiding] Hiding 1/2 items for tag '#c:raw_materials/zinc' -> [create:raw_zinc]
[00:16:07.629] [INFO]: [AutoHiding] Hiding 3/4 items for tag '#c:nuggets/steel' -> [mekanism:nugget_steel, modern_industrialization:steel_nugget, immersiveengineering:nugget_steel]
[00:16:07.629] [INFO]: [AutoHiding] Hiding 3/4 items for tag '#c:dusts/tin' -> [mekanism:dust_tin, enderio:powdered_tin, modern_industrialization:tin_dust]
[00:16:07.629] [INFO]: [AutoHiding] Hiding 1/2 items for tag '#c:gears/diamond' -> [industrialforegoing:diamond_gear]
[00:16:07.629] [INFO]: [AutoHiding] Hiding 1/2 items for tag '#c:plates/brass' -> [create:brass_sheet]
[00:16:07.629] [INFO]: [AutoHiding] Hiding 3/4 items for tag '#c:dusts/lapis' -> [enderio:powdered_lapis_lazuli, modern_industrialization:lapis_dust, occultism:lapis_dust]
[00:16:07.629] [INFO]: [AutoHiding] Hiding 1/2 items for tag '#c:clumps/gold' -> [mekanism:clump_gold]
[00:16:07.629] [INFO]: [AutoHiding] Hiding 4/5 items for tag '#c:nuggets/silver' -> [occultism:silver_nugget, immersiveengineering:nugget_silver, modern_industrialization:silver_nugget, silentgems:silver_nugget]
[00:16:07.629] [INFO]: [AutoHiding] Hiding 3/4 items for tag '#c:storage_blocks/lead' -> [modern_industrialization:lead_block, immersiveengineering:storage_lead, mekanism:block_lead]
[00:16:07.629] [INFO]: [AutoHiding] Hiding 1/2 items for tag '#c:nuggets/platinum' -> [modern_industrialization:platinum_nugget]
[00:16:07.629] [INFO]: [AutoHiding] Hiding 1/2 items for tag '#c:raw_materials/osmium' -> [mekanism:raw_osmium]
[00:16:07.629] [INFO]: [AutoHiding] Hiding 3/4 items for tag '#c:nuggets/lead' -> [modern_industrialization:lead_nugget, mekanism:nugget_lead, immersiveengineering:nugget_lead]
[00:16:07.629] [INFO]: [AutoHiding] Hiding 1/2 items for tag '#c:rods/invar' -> [modern_industrialization:invar_rod]
[00:16:07.629] [INFO]: [AutoHiding] Hiding 2/3 items for tag '#c:raw_materials/tin' -> [mekanism:raw_tin, modern_industrialization:raw_tin]
[00:16:07.629] [INFO]: [AutoHiding] Hiding 2/3 items for tag '#c:ingots/nickel' -> [modern_industrialization:nickel_ingot, immersiveengineering:ingot_nickel]
[00:16:07.629] [INFO]: [AutoHiding] Hiding 1/2 items for tag '#c:crystals/lead' -> [mekanism:crystal_lead]
[00:16:07.629] [INFO]: [AutoHiding] Hiding 1/2 items for tag '#c:storage_blocks/raw_osmium' -> [mekanism:block_raw_osmium]
[00:16:07.630] [INFO]: [AutoHiding] Hiding 2/3 items for tag '#c:gems/sapphire' -> [silentgems:sapphire, irons_jewelry:sapphire]
[00:16:07.630] [INFO]: [AutoHiding] Hiding 2/3 items for tag '#c:silicon' -> [enderio:silicon, refinedstorage:silicon]
[00:16:07.630] [INFO]: [AutoHiding] Hiding 1/2 items for tag '#c:ingots/brass' -> [create:brass_ingot]
[00:16:07.630] [INFO]: [AutoHiding] Hiding 1/2 items for tag '#c:raw_materials/iridium' -> [modern_industrialization:raw_iridium]
[00:16:07.630] [INFO]: [AutoHiding] Hiding 2/3 items for tag '#c:rods/aluminum' -> [modern_industrialization:aluminum_rod, immersiveengineering:stick_aluminum]
[00:16:07.630] [INFO]: [AutoHiding] Hiding 1/2 items for tag '#c:storage_blocks/sapphire' -> [silentgems:sapphire_block]
[00:16:07.630] [INFO]: [AutoHiding] Hiding 5/9 items for tag '#c:ores/ruby' -> [silentgems:nether_ruby_ore, silentgems:ruby_ore, silentgems:end_ruby_ore, alltheores:other_ruby_ore, silentgems:deepslate_ruby_ore]
[00:16:07.630] [INFO]: [AutoHiding] Hiding 2/3 items for tag '#c:dusts/aluminum' -> [modern_industrialization:aluminum_dust, immersiveengineering:dust_aluminum]
[00:16:07.630] [INFO]: [AutoHiding] Hiding 1/2 items for tag '#c:dirty_dusts/lead' -> [mekanism:dirty_dust_lead]
[00:16:07.630] [INFO]: [AutoHiding] Hiding 1/2 items for tag '#c:storage_blocks/fluorite' -> [mekanism:block_fluorite]
[00:16:07.630] [INFO]: [AutoHiding] Hiding 1/2 items for tag '#c:dusts/ruby' -> [modern_industrialization:ruby_dust]
[00:16:07.630] [INFO]: [AutoHiding] Hiding 2/3 items for tag '#c:dusts/coal' -> [enderio:powdered_coal, modern_industrialization:coal_dust]
[00:16:07.630] [INFO]: [AutoHiding] Hiding 7/11 items for tag '#c:ores/silver' -> [silentgems:deepslate_silver_ore, occultism:silver_ore, immersiveengineering:ore_silver, silentgems:silver_ore, alltheores:other_silver_ore, immersiveengineering:deepslate_ore_silver, occultism:silver_ore_deepslate]
[00:16:07.630] [INFO]: [AutoHiding] Hiding 3/4 items for tag '#c:storage_blocks/raw_silver' -> [immersiveengineering:raw_block_silver, modern_industrialization:raw_silver_block, occultism:raw_silver_block]
[00:16:07.630] [INFO]: [AutoHiding] Hiding 5/9 items for tag '#c:ores/tin' -> [mekanism:tin_ore, alltheores:other_tin_ore, modern_industrialization:tin_ore, mekanism:deepslate_tin_ore, modern_industrialization:deepslate_tin_ore]
[00:16:07.631] [INFO]: [AutoHiding] Hiding 1/2 items for tag '#c:storage_blocks/brass' -> [create:brass_block]
[00:16:07.631] [INFO]: [AutoHiding] Hiding 3/4 items for tag '#c:plates/aluminum' -> [immersiveengineering:plate_aluminum, xycraft_machines:aluminum_sheet, modern_industrialization:aluminum_plate]
[00:16:07.631] [INFO]: [AutoHiding] Hiding 1/2 items for tag '#c:storage_blocks/sulfur' -> [modern_industrialization:sulfur_block]
[00:16:07.631] [INFO]: [AutoHiding] Hiding 2/3 items for tag '#c:gems/ruby' -> [silentgems:ruby, irons_jewelry:ruby]
[00:16:07.631] [INFO]: [AutoHiding] Hiding 4/5 items for tag '#c:rods/iron' -> [modern_industrialization:iron_rod, silentgear:iron_rod, createaddition:iron_rod, immersiveengineering:stick_iron]
[00:16:07.631] [INFO]: [AutoHiding] Hiding 1/2 items for tag '#c:crystals/osmium' -> [mekanism:crystal_osmium]
[00:16:07.631] [INFO]: [AutoHiding] Hiding 2/4 items for tag '#c:ores/emerald' -> [deeperdarker:sculk_stone_emerald_ore, deeperdarker:gloomslate_emerald_ore]
[00:16:07.631] [INFO]: [AutoHiding] Hiding 1/2 items for tag '#c:clumps/tin' -> [mekanism:clump_tin]
[00:16:07.631] [INFO]: [AutoHiding] Hiding 3/7 items for tag '#c:ores/osmium' -> [mekanism:deepslate_osmium_ore, mekanism:osmium_ore, alltheores:other_osmium_ore]
[00:16:07.631] [INFO]: [AutoHiding] Hiding 3/4 items for tag '#c:ingots/electrum' -> [createaddition:electrum_ingot, modern_industrialization:electrum_ingot, immersiveengineering:ingot_electrum]
[00:16:07.631] [INFO]: [AutoHiding] Hiding 2/3 items for tag '#c:dusts/bronze' -> [mekanism:dust_bronze, modern_industrialization:bronze_dust]
[00:16:07.631] [INFO]: [AutoHiding] Hiding 1/2 items for tag '#c:gears/copper' -> [modern_industrialization:copper_gear]
[00:16:07.631] [INFO]: [AutoHiding] Hiding 2/3 items for tag '#c:raw_materials/nickel' -> [modern_industrialization:raw_nickel, immersiveengineering:raw_nickel]
[00:16:07.631] [INFO]: [AutoHiding] Hiding 4/5 items for tag '#c:dusts/diamond' -> [appflux:diamond_dust, createaddition:diamond_grit, modern_industrialization:diamond_dust, mekanism:dust_diamond]
[00:16:07.631] [INFO]: [AutoHiding] Hiding 1/2 items for tag '#c:dusts/fluorite' -> [mekanism:dust_fluorite]
[00:16:07.631] [INFO]: [AutoHiding] Hiding 1/2 items for tag '#c:gears/bronze' -> [modern_industrialization:bronze_gear]
[00:16:07.631] [INFO]: [AutoHiding] Hiding 1/2 items for tag '#c:ingots/iridium' -> [modern_industrialization:iridium_ingot]
[00:16:07.631] [INFO]: [AutoHiding] Hiding 1/2 items for tag '#c:storage_blocks/invar' -> [modern_industrialization:invar_block]
[00:16:07.631] [INFO]: [AutoHiding] Hiding 2/3 items for tag '#c:dusts/electrum' -> [immersiveengineering:dust_electrum, modern_industrialization:electrum_dust]
[00:16:07.631] [INFO]: [AutoHiding] Hiding 1/2 items for tag '#c:ingots/constantan' -> [immersiveengineering:ingot_constantan]
[00:16:07.632] [INFO]: [AutoHiding] Hiding 1/2 items for tag '#c:gears/tin' -> [modern_industrialization:tin_gear]
[00:16:07.632] [INFO]: [AutoHiding] Hiding 1/2 items for tag '#c:nuggets/invar' -> [modern_industrialization:invar_nugget]
[00:16:07.632] [INFO]: [AutoHiding] Hiding 4/5 items for tag '#c:raw_materials/uranium' -> [modern_industrialization:raw_uranium, immersiveengineering:raw_uranium, bigreactors:raw_yellorium, mekanism:raw_uranium]
[00:16:07.632] [INFO]: [AutoHiding] Hiding 2/3 items for tag '#c:plates/lead' -> [modern_industrialization:lead_plate, immersiveengineering:plate_lead]
[00:16:07.632] [INFO]: [AutoHiding] Hiding 1/2 items for tag '#c:dusts/platinum' -> [modern_industrialization:platinum_dust]
[00:16:07.632] [INFO]: [AutoHiding] Hiding 1/2 items for tag '#c:shards/tin' -> [mekanism:shard_tin]
[00:16:07.632] [INFO]: [AutoHiding] Hiding 1/2 items for tag '#c:gears/netherite' -> [mifa:netherite_gear]
[00:16:07.632] [INFO]: [AutoHiding] Hiding 1/2 items for tag '#c:clumps/osmium' -> [mekanism:clump_osmium]
[00:16:07.632] [INFO]: [AutoHiding] Hiding 1/2 items for tag '#c:clumps/uranium' -> [mekanism:clump_uranium]
[00:16:07.632] [INFO]: [AutoHiding] Hiding 1/2 items for tag '#c:plates/constantan' -> [immersiveengineering:plate_constantan]
[00:16:07.632] [INFO]: [AutoHiding] Hiding 1/2 items for tag '#c:dirty_dusts/copper' -> [mekanism:dirty_dust_copper]
[00:16:07.632] [INFO]: [AutoHiding] Hiding 2/3 items for tag '#c:plates/nickel' -> [modern_industrialization:nickel_plate, immersiveengineering:plate_nickel]
[00:16:07.632] [INFO]: [AutoHiding] Hiding 1/2 items for tag '#c:clumps/iron' -> [mekanism:clump_iron]
[00:16:07.632] [INFO]: [AutoHiding] Hiding 5/6 items for tag '#c:dusts/copper' -> [enderio:powdered_copper, immersiveengineering:dust_copper, mekanism:dust_copper, modern_industrialization:copper_dust, occultism:copper_dust]
[00:16:07.632] [INFO]: [AutoHiding] Hiding 1/2 items for tag '#c:storage_blocks/charcoal' -> [justdirethings:charcoal]
[00:16:07.632] [INFO]: [AutoHiding] Hiding 2/3 items for tag '#c:dusts/nickel' -> [immersiveengineering:dust_nickel, modern_industrialization:nickel_dust]
[00:16:07.632] [INFO]: [AutoHiding] Hiding 2/3 items for tag '#c:gears/gold' -> [industrialforegoing:gold_gear, modern_industrialization:gold_gear]
[00:16:07.632] [INFO]: [AutoHiding] Hiding 1/2 items for tag '#c:shards/lead' -> [mekanism:shard_lead]
[00:16:07.632] [INFO]: [AutoHiding] Hiding 3/4 items for tag '#c:dusts/uranium' -> [immersiveengineering:dust_uranium, modern_industrialization:uranium_dust, mekanism:dust_uranium]
[00:16:07.632] [INFO]: [AutoHiding] Hiding 2/3 items for tag '#c:plates/silver' -> [modern_industrialization:silver_plate, immersiveengineering:plate_silver]
[00:16:07.633] [INFO]: [AutoHiding] Hiding 3/4 items for tag '#c:storage_blocks/electrum' -> [immersiveengineering:storage_electrum, modern_industrialization:electrum_block, createaddition:electrum_block]
[00:16:07.633] [INFO]: [AutoHiding] Hiding 7/11 items for tag '#c:ores/lead' -> [modern_industrialization:deepslate_lead_ore, mekanism:lead_ore, modern_industrialization:lead_ore, alltheores:other_lead_ore, immersiveengineering:ore_lead, immersiveengineering:deepslate_ore_lead, mekanism:deepslate_lead_ore]
[00:16:07.633] [INFO]: [AutoHiding] Hiding 3/4 items for tag '#c:dusts/emerald' -> [modern_industrialization:emerald_dust, occultism:emerald_dust, appflux:emerald_dust]
[00:16:07.633] [INFO]: [AutoHiding] Hiding 2/3 items for tag '#c:storage_blocks/tin' -> [modern_industrialization:tin_block, mekanism:block_tin]
[00:16:07.633] [INFO]: [AutoHiding] Hiding 3/4 items for tag '#c:ingots/aluminum' -> [immersiveengineering:ingot_aluminum, modern_industrialization:aluminum_ingot, xycraft_world:aluminum_ingot]
[00:16:07.633] [INFO]: [AutoHiding] Hiding 3/4 items for tag '#c:dusts/netherite' -> [occultism:netherite_dust, mekanism:dust_netherite, extended_industrialization:netherite_dust]
[00:16:07.633] [INFO]: [AutoHiding] Hiding 1/2 items for tag '#c:ingots/invar' -> [modern_industrialization:invar_ingot]
[00:16:07.633] [INFO]: [AutoHiding] Hiding 1/2 items for tag '#c:plates/uranium' -> [immersiveengineering:plate_uranium]
[00:16:07.633] [INFO]: [AutoHiding] Hiding 1/2 items for tag '#c:dirty_dusts/uranium' -> [mekanism:dirty_dust_uranium]
[00:16:07.633] [INFO]: [AutoHiding] Hiding 5/6 items for tag '#c:dusts/gold' -> [mekanism:dust_gold, occultism:gold_dust, enderio:powdered_gold, modern_industrialization:gold_dust, immersiveengineering:dust_gold]
[00:16:07.633] [INFO]: [AutoHiding] Hiding 1/2 items for tag '#c:plates/bronze' -> [modern_industrialization:bronze_plate]
[00:16:07.633] [INFO]: [AutoHiding] Hiding 1/2 items for tag '#c:storage_blocks/zinc' -> [create:zinc_block]
[00:16:07.633] [INFO]: [AutoHiding] Hiding 1/2 items for tag '#c:plates/zinc' -> [createaddition:zinc_sheet]
[00:16:07.633] [INFO]: [AutoHiding] Hiding 1/2 items for tag '#c:raw_materials/platinum' -> [modern_industrialization:raw_platinum]
[00:16:07.633] [INFO]: [AutoHiding] Hiding 1/2 items for tag '#c:gears/aluminum' -> [modern_industrialization:aluminum_gear]
[00:16:07.633] [INFO]: [AutoHiding] Hiding 2/3 items for tag '#c:storage_blocks/raw_aluminum' -> [immersiveengineering:raw_block_aluminum, xycraft_world:raw_aluminum_block]
[00:16:07.633] [INFO]: [AutoHiding] Hiding 6/8 items for tag '#c:ores/redstone' -> [eternal_starlight:haze_ice_redstone_ore, eternal_starlight:grimstone_redstone_ore, eternal_starlight:voidstone_redstone_ore, eternal_starlight:eternal_ice_redstone_ore, deeperdarker:sculk_stone_redstone_ore, deeperdarker:gloomslate_redstone_ore]
[00:16:07.634] [INFO]: [AutoHiding] Hiding 2/3 items for tag '#c:rods/gold' -> [createaddition:gold_rod, modern_industrialization:gold_rod]
[00:16:07.634] [INFO]: [AutoHiding] Hiding 2/3 items for tag '#c:storage_blocks/raw_tin' -> [modern_industrialization:raw_tin_block, mekanism:block_raw_tin]
[00:16:07.634] [INFO]: [AutoHiding] Hiding 4/5 items for tag '#c:storage_blocks/raw_uranium' -> [mekanism:block_raw_uranium, modern_industrialization:raw_uranium_block, immersiveengineering:raw_block_uranium, bigreactors:raw_yellorium_block]
[00:16:07.634] [INFO]: [AutoHiding] Hiding 1/2 items for tag '#c:crystals/copper' -> [mekanism:crystal_copper]
[00:16:07.634] [INFO]: [AutoHiding] Hiding 1/2 items for tag '#c:rods/tin' -> [modern_industrialization:tin_rod]
[00:16:07.634] [INFO]: [AutoHiding] Hiding 1/2 items for tag '#c:gems/fluorite' -> [mekanism:fluorite_gem]
[00:16:07.634] [INFO]: [AutoHiding] Hiding 1/2 items for tag '#c:ingots/platinum' -> [modern_industrialization:platinum_ingot]
[00:16:07.634] [INFO]: [AutoHiding] Hiding 3/4 items for tag '#c:plates/electrum' -> [immersiveengineering:plate_electrum, createaddition:electrum_sheet, modern_industrialization:electrum_plate]
[00:16:07.634] [INFO]: [AutoHiding] Hiding 1/2 items for tag '#c:dusts/ender_pearl' -> [enderio:powdered_ender_pearl]
[00:16:07.634] [INFO]: [AutoHiding] Hiding 1/2 items for tag '#c:rods/uranium' -> [modern_industrialization:uranium_rod]
[00:16:07.634] [INFO]: [AutoHiding] Hiding 2/3 items for tag '#c:storage_blocks/raw_nickel' -> [modern_industrialization:raw_nickel_block, immersiveengineering:raw_block_nickel]
[00:16:07.634] [INFO]: [AutoHiding] Hiding 1/2 items for tag '#c:shards/copper' -> [mekanism:shard_copper]
[00:16:07.634] [INFO]: [AutoHiding] Hiding 3/7 items for tag '#c:ores/iridium' -> [alltheores:other_iridium_ore, modern_industrialization:deepslate_iridium_ore, modern_industrialization:iridium_ore]
[00:16:07.634] [INFO]: [AutoHiding] Hiding 1/2 items for tag '#c:nuggets/iridium' -> [modern_industrialization:iridium_nugget]
[00:16:07.634] [INFO]: [AutoHiding] Hiding 1/2 items for tag '#c:storage_blocks/constantan' -> [immersiveengineering:storage_constantan]
[00:16:07.634] [INFO]: [AutoHiding] Hiding 4/6 items for tag '#c:ores/coal' -> [undergarden:depthrock_coal_ore, deeperdarker:gloomslate_coal_ore, undergarden:shiverstone_coal_ore, deeperdarker:sculk_stone_coal_ore]
[00:16:08.514] [INFO]: Loading config 'duplicates.json'.
[00:16:08.514] [INFO]: Recipe count: 66761
[00:16:08.521] [WARN]: Could not detect recipe type for recipe 'cataclysm:blasting/ancient_metal_nugget_from_blasting', skipping.
[00:16:08.521] [WARN]: Could not detect recipe type for recipe 'cataclysm:stonecutting/end_stone_pillar_from_stonecutting', skipping.
[00:16:08.525] [WARN]: Could not detect recipe type for recipe 'cataclysm:stonecutting/polished_end_stone_from_stonecutting', skipping.
[00:16:08.525] [WARN]: Could not detect recipe type for recipe 'farmersdelight:melon_juice', skipping.
[00:16:08.526] [WARN]: Could not detect recipe type for recipe 'cataclysm:stonecutting/obsidian_bricks_from_stonecutting', skipping.
[00:16:08.527] [WARN]: Could not detect recipe type for recipe 'cataclysm:stonecutting/stone_tile_wall_from_stonecutting', skipping.
[00:16:08.529] [WARN]: Could not detect recipe type for recipe 'cataclysm:stonecutting/chiseled_purpur_block_from_stonecutting', skipping.
[00:16:08.529] [WARN]: Could not detect recipe type for recipe 'cataclysm:stonecutting/obsidian_brick_wall_from_stonecutting', skipping.
[00:16:08.530] [WARN]: Could not detect recipe type for recipe 'cataclysm:stonecutting/polished_end_stone_stairs_from_stonecutting', skipping.
[00:16:08.533] [WARN]: Could not detect recipe type for recipe 'farmersrespite:brewing/melon_juice_from_water', skipping.
[00:16:08.534] [WARN]: Could not detect recipe type for recipe 'cataclysm:stonecutting/obsidian_brick_stairs_from_stonecutting', skipping.
[00:16:08.535] [WARN]: Could not detect recipe type for recipe 'cataclysm:stonecutting/stone_tile_slab_from_stonecutting', skipping.
[00:16:08.537] [WARN]: Could not detect recipe type for recipe 'cataclysm:stonecutting/purpur_wall_from_stonecutting', skipping.
[00:16:08.538] [WARN]: Could not detect recipe type for recipe 'cataclysm:stonecutting/chiseled_stone_brick_pillar_from_stonecutting', skipping.
[00:16:08.538] [WARN]: Could not detect recipe type for recipe 'cataclysm:stonecutting/chiseled_end_stone_bricks_from_stonecutting', skipping.
[00:16:08.539] [WARN]: Could not detect recipe type for recipe 'cataclysm:stonecutting/frosted_stone_brick_wall_from_stonecutting', skipping.
[00:16:08.540] [WARN]: Could not detect recipe type for recipe 'cataclysm:stonecutting/stone_tile_stairs_from_stonecutting', skipping.
[00:16:08.540] [WARN]: Could not detect recipe type for recipe 'cataclysm:stonecutting/quartz_brick_wall_from_stonecutting', skipping.
[00:16:08.540] [WARN]: Could not detect recipe type for recipe 'cataclysm:stonecutting/obsidian_brick_slab_from_stonecutting', skipping.
[00:16:08.542] [WARN]: Could not detect recipe type for recipe 'cataclysm:stonecutting/polished_end_stone_slab_from_stonecutting', skipping.
[00:16:08.546] [WARN]: Could not detect recipe type for recipe 'cataclysm:blasting/black_steel_nugget_from_blasting', skipping.
[00:16:08.547] [WARN]: Could not detect recipe type for recipe 'immersiveengineering:arc_recycling_list', skipping.
[00:16:08.547] [WARN]: Could not detect recipe type for recipe 'cataclysm:stonecutting/frosted_stone_brick_stairs_from_stonecutting', skipping.
[00:16:08.549] [WARN]: Could not detect recipe type for recipe 'cataclysm:stonecutting/chiseled_obsidian_bricks_from_stonecutting', skipping.
[00:16:08.550] [WARN]: Could not detect recipe type for recipe 'cataclysm:stonecutting/frosted_stone_brick_slab_from_stonecutting', skipping.
[00:16:08.550] [WARN]: Could not detect recipe type for recipe 'cataclysm:stonecutting/stone_tiles_from_stonecutting', skipping.
[00:16:08.551] [WARN]: Could not detect recipe type for recipe 'cataclysm:stonecutting/stone_pillar_from_stonecutting', skipping.
[00:16:09.231] [WARN]: Could not detect crafting recipe output for recipe 'supplementaries:sack_3'.
[00:16:09.974] [INFO]: Recipe count afterwards: 66066 (done in 1.459 s)
[00:16:21.923] [ERROR]: The following recipes were unified and threw exceptions when being loaded: [create:crushing/gloomslate_coal_ore, create:crushing/gloomslate_emerald_ore, create:crushing/sculk_stone_iron_ore, create:crushing/sculk_stone_emerald_ore, create:crushing/sculk_stone_gold_ore, create:crushing/gloomslate_iron_ore, create:crushing/sculk_stone_lapis_ore, create:crushing/sculk_stone_coal_ore, create:crushing/gloomslate_lapis_ore, create:crushing/gloomslate_redstone_ore, create:crushing/gloomslate_gold_ore, create:crushing/gloomslate_diamond_ore, create:crushing/sculk_stone_diamond_ore, create:crushing/sculk_stone_redstone_ore, create:crushing/sculk_stone_copper_ore, create:crushing/gloomslate_copper_ore]
[00:16:21.923] [WARN]: Try to add them to the ignore list and if the problem is gone, report it to the Almost Unified developers.
